#
# There is insufficient memory for the Java Runtime Environment to continue.
# Native memory allocation (malloc) failed to allocate 1866256 bytes for Chunk::new
# Possible reasons:
#   The system is out of physical RAM or swap space
#   The process is running with CompressedOops enabled, and the Java Heap may be blocking the growth of the native heap
# Possible solutions:
#   Reduce memory load on the system
#   Increase physical memory or swap space
#   Check if swap backing store is full
#   Decrease Java heap size (-Xmx/-Xms)
#   Decrease number of Java threads
#   Decrease Java thread stack sizes (-Xss)
#   Set larger code cache with -XX:ReservedCodeCacheSize=
#   JVM is running with Unscaled Compressed Oops mode in which the Java heap is
#     placed in the first 4GB address space. The Java Heap base address is the
#     maximum limit for the native heap growth. Please use -XX:HeapBaseMinAddress
#     to set the Java Heap base and to place the Java Heap above 4GB virtual address.
# This output file may be truncated or incomplete.
#
#  Out of Memory Error (arena.cpp:189), pid=33024, tid=33540
#
# JRE version: OpenJDK Runtime Environment Temurin-17.0.5+8 (17.0.5+8) (build 17.0.5+8)
# Java VM: OpenJDK 64-Bit Server VM Temurin-17.0.5+8 (17.0.5+8, mixed mode, sharing, tiered, compressed oops, compressed class ptrs, g1 gc, windows-amd64)
# No core dump will be written. Minidumps are not enabled by default on client versions of Windows
#

---------------  S U M M A R Y ------------

Command Line: -Dfile.encoding=UTF-8 -XX:+ShowCodeDetailsInExceptionMessages Axis.BCGSolutions.PracticeProject.DragAndDrop

Host: AMD Ryzen 5 3550H with Radeon Vega Mobile Gfx  , 8 cores, 5G,  Windows 11 , 64 bit Build 22621 (10.0.22621.2506)
Time: Sat Feb 24 12:31:39 2024 India Standard Time elapsed time: 3.007576 seconds (0d 0h 0m 3s)

---------------  T H R E A D  ---------------

Current thread (0x000002bd96bca5d0):  JavaThread "C2 CompilerThread0" daemon [_thread_in_native, id=33540, stack(0x000000daa5000000,0x000000daa5100000)]


Current CompileTask:
C2:   3007 1732       4       java.lang.invoke.MethodType::makeImpl (109 bytes)

Stack: [0x000000daa5000000,0x000000daa5100000]
Native frames: (J=compiled Java code, j=interpreted, Vv=VM code, C=native code)
V  [jvm.dll+0x676b3a]
V  [jvm.dll+0x831444]
V  [jvm.dll+0x832bee]
V  [jvm.dll+0x833253]
V  [jvm.dll+0x244ce5]
V  [jvm.dll+0xabbac]
V  [jvm.dll+0xac17c]
V  [jvm.dll+0x362d02]
V  [jvm.dll+0x32d591]
V  [jvm.dll+0x32ca3a]
V  [jvm.dll+0x217b51]
V  [jvm.dll+0x216f71]
V  [jvm.dll+0x1a343d]
V  [jvm.dll+0x22698a]
V  [jvm.dll+0x224ac5]
V  [jvm.dll+0x7e727b]
V  [jvm.dll+0x7e17ea]
V  [jvm.dll+0x6759e5]
C  [ucrtbase.dll+0x29363]
C  [KERNEL32.DLL+0x1257d]
C  [ntdll.dll+0x5aa58]


---------------  P R O C E S S  ---------------

Threads class SMR info:
_java_thread_list=0x000002bd98642ad0, length=26, elements={
0x000002bdf7a75840, 0x000002bd96ba5e60, 0x000002bd96ba6ee0, 0x000002bd96bb9df0,
0x000002bd96bba9a0, 0x000002bd96bbd360, 0x000002bd96bc1210, 0x000002bd96bca5d0,
0x000002bd96bcd4a0, 0x000002bd96bd7ea0, 0x000002bd978d69a0, 0x000002bd978e4f20,
0x000002bd97a0bd30, 0x000002bd98514ae0, 0x000002bd9858e240, 0x000002bd9858e710,
0x000002bd9858f940, 0x000002bd9859c1c0, 0x000002bd985ae540, 0x000002bd9870fd20,
0x000002bd9870e9e0, 0x000002bd9870f380, 0x000002bd9870f850, 0x000002bd98711060,
0x000002bd987101f0, 0x000002bd987106c0
}

Java Threads: ( => current thread )
  0x000002bdf7a75840 JavaThread "Forwarding get on session 4187de6e310595c1028c40ebe85e86b4 to remote" [_thread_blocked, id=8784, stack(0x000000daa4300000,0x000000daa4400000)]
  0x000002bd96ba5e60 JavaThread "Reference Handler" daemon [_thread_blocked, id=6336, stack(0x000000daa4a00000,0x000000daa4b00000)]
  0x000002bd96ba6ee0 JavaThread "Finalizer" daemon [_thread_blocked, id=21136, stack(0x000000daa4b00000,0x000000daa4c00000)]
  0x000002bd96bb9df0 JavaThread "Signal Dispatcher" daemon [_thread_blocked, id=32016, stack(0x000000daa4c00000,0x000000daa4d00000)]
  0x000002bd96bba9a0 JavaThread "Attach Listener" daemon [_thread_blocked, id=22788, stack(0x000000daa4d00000,0x000000daa4e00000)]
  0x000002bd96bbd360 JavaThread "Service Thread" daemon [_thread_blocked, id=6736, stack(0x000000daa4e00000,0x000000daa4f00000)]
  0x000002bd96bc1210 JavaThread "Monitor Deflation Thread" daemon [_thread_blocked, id=24192, stack(0x000000daa4f00000,0x000000daa5000000)]
=>0x000002bd96bca5d0 JavaThread "C2 CompilerThread0" daemon [_thread_in_native, id=33540, stack(0x000000daa5000000,0x000000daa5100000)]
  0x000002bd96bcd4a0 JavaThread "C1 CompilerThread0" daemon [_thread_blocked, id=28200, stack(0x000000daa5100000,0x000000daa5200000)]
  0x000002bd96bd7ea0 JavaThread "Sweeper thread" daemon [_thread_blocked, id=35700, stack(0x000000daa5200000,0x000000daa5300000)]
  0x000002bd978d69a0 JavaThread "Notification Thread" daemon [_thread_blocked, id=2696, stack(0x000000daa5300000,0x000000daa5400000)]
  0x000002bd978e4f20 JavaThread "Common-Cleaner" daemon [_thread_blocked, id=32316, stack(0x000000daa5500000,0x000000daa5600000)]
  0x000002bd97a0bd30 JavaThread "ForkJoinPool.commonPool-worker-1" daemon [_thread_blocked, id=8788, stack(0x000000daa5600000,0x000000daa5700000)]
  0x000002bd98514ae0 JavaThread "HttpClient-1-SelectorManager" daemon [_thread_in_native, id=34212, stack(0x000000daa5700000,0x000000daa5800000)]
  0x000002bd9858e240 JavaThread "Thread-0" [_thread_in_native, id=30920, stack(0x000000daa5800000,0x000000daa5900000)]
  0x000002bd9858e710 JavaThread "Driver Service Executor" daemon [_thread_blocked, id=28012, stack(0x000000daa5900000,0x000000daa5a00000)]
  0x000002bd9858f940 JavaThread "Driver Service Executor" daemon [_thread_in_native, id=34608, stack(0x000000daa5a00000,0x000000daa5b00000)]
  0x000002bd9859c1c0 JavaThread "UrlChecker-2" daemon [_thread_blocked, id=18740, stack(0x000000daa5b00000,0x000000daa5c00000)]
  0x000002bd985ae540 JavaThread "Keep-Alive-Timer" daemon [_thread_blocked, id=15392, stack(0x000000daa5d00000,0x000000daa5e00000)]
  0x000002bd9870fd20 JavaThread "pool-1-thread-1" [_thread_blocked, id=30880, stack(0x000000daa6700000,0x000000daa6800000)]
  0x000002bd9870e9e0 JavaThread "pool-1-thread-2" [_thread_blocked, id=9852, stack(0x000000daa6800000,0x000000daa6900000)]
  0x000002bd9870f380 JavaThread "pool-1-thread-3" [_thread_blocked, id=20616, stack(0x000000daa6900000,0x000000daa6a00000)]
  0x000002bd9870f850 JavaThread "HttpClient-2-SelectorManager" daemon [_thread_in_native, id=30332, stack(0x000000daa6a00000,0x000000daa6b00000)]
  0x000002bd98711060 JavaThread "pool-2-thread-1" [_thread_blocked, id=15548, stack(0x000000daa6b00000,0x000000daa6c00000)]
  0x000002bd987101f0 JavaThread "pool-2-thread-2" [_thread_blocked, id=33256, stack(0x000000daa6c00000,0x000000daa6d00000)]
  0x000002bd987106c0 JavaThread "pool-2-thread-3" [_thread_blocked, id=7112, stack(0x000000daa6d00000,0x000000daa6e00000)]

Other Threads:
  0x000002bd96b9fe50 VMThread "VM Thread" [stack: 0x000000daa4900000,0x000000daa4a00000] [id=4288]
  0x000002bd978d9290 WatcherThread [stack: 0x000000daa5400000,0x000000daa5500000] [id=33380]
  0x000002bdf7ac3410 GCTaskThread "GC Thread#0" [stack: 0x000000daa4400000,0x000000daa4500000] [id=7140]
  0x000002bd98617760 GCTaskThread "GC Thread#1" [stack: 0x000000daa5e00000,0x000000daa5f00000] [id=9844]
  0x000002bd98603820 GCTaskThread "GC Thread#2" [stack: 0x000000daa5f00000,0x000000daa6000000] [id=30380]
  0x000002bd98603ad0 GCTaskThread "GC Thread#3" [stack: 0x000000daa6000000,0x000000daa6100000] [id=31096]
  0x000002bd98709230 GCTaskThread "GC Thread#4" [stack: 0x000000daa6100000,0x000000daa6200000] [id=32140]
  0x000002bd987094e0 GCTaskThread "GC Thread#5" [stack: 0x000000daa6200000,0x000000daa6300000] [id=8672]
  0x000002bd98709790 GCTaskThread "GC Thread#6" [stack: 0x000000daa6300000,0x000000daa6400000] [id=2712]
  0x000002bd98709a40 GCTaskThread "GC Thread#7" [stack: 0x000000daa6400000,0x000000daa6500000] [id=23060]
  0x000002bdf7ad1150 ConcurrentGCThread "G1 Main Marker" [stack: 0x000000daa4500000,0x000000daa4600000] [id=7976]
  0x000002bdf7ad1b60 ConcurrentGCThread "G1 Conc#0" [stack: 0x000000daa4600000,0x000000daa4700000] [id=30096]
  0x000002bdf7b2e130 ConcurrentGCThread "G1 Refine#0" [stack: 0x000000daa4700000,0x000000daa4800000] [id=28628]
  0x000002bd98709cf0 ConcurrentGCThread "G1 Refine#1" [stack: 0x000000daa6500000,0x000000daa6600000] [id=12920]
  0x000002bd985df5f0 ConcurrentGCThread "G1 Refine#2" [stack: 0x000000daa6600000,0x000000daa6700000] [id=28880]
  0x000002bdf7b2eb50 ConcurrentGCThread "G1 Service" [stack: 0x000000daa4800000,0x000000daa4900000] [id=33220]

Threads with active compile tasks:
C2 CompilerThread0     3032 1732       4       java.lang.invoke.MethodType::makeImpl (109 bytes)

VM state: not at safepoint (normal execution)

VM Mutex/Monitor currently owned by a thread: None

Heap address: 0x00000000a0e00000, size: 1522 MB, Compressed Oops mode: 32-bit

CDS archive(s) mapped at: [0x0000000800000000-0x0000000800bc0000-0x0000000800bc0000), size 12320768, SharedBaseAddress: 0x0000000800000000, ArchiveRelocationMode: 0.
Compressed class space mapped at: 0x0000000800c00000-0x0000000840c00000, reserved size: 1073741824
Narrow klass base: 0x0000000800000000, Narrow klass shift: 0, Narrow klass range: 0x100000000

GC Precious Log:
 CPUs: 8 total, 8 available
 Memory: 6081M
 Large Page Support: Disabled
 NUMA Support: Disabled
 Compressed Oops: Enabled (32-bit)
 Heap Region Size: 1M
 Heap Min Capacity: 8M
 Heap Initial Capacity: 96M
 Heap Max Capacity: 1522M
 Pre-touch: Disabled
 Parallel Workers: 8
 Concurrent Workers: 2
 Concurrent Refinement Workers: 8
 Periodic GC: Disabled

Heap:
 garbage-first heap   total 98304K, used 19362K [0x00000000a0e00000, 0x0000000100000000)
  region size 1024K, 17 young (17408K), 3 survivors (3072K)
 Metaspace       used 13010K, committed 13312K, reserved 1064960K
  class space    used 1594K, committed 1728K, reserved 1048576K

Heap Regions: E=young(eden), S=young(survivor), O=old, HS=humongous(starts), HC=humongous(continues), CS=collection set, F=free, OA=open archive, CA=closed archive, TAMS=top-at-mark-start (previous, next)
|   0|0x00000000a0e00000, 0x00000000a0f00000, 0x00000000a0f00000|100%| O|  |TAMS 0x00000000a0e00000, 0x00000000a0e00000| Untracked 
|   1|0x00000000a0f00000, 0x00000000a1000000, 0x00000000a1000000|100%| O|  |TAMS 0x00000000a0f00000, 0x00000000a0f00000| Untracked 
|   2|0x00000000a1000000, 0x00000000a10e8800, 0x00000000a1100000| 90%| O|  |TAMS 0x00000000a1000000, 0x00000000a1000000| Untracked 
|   3|0x00000000a1100000, 0x00000000a1100000, 0x00000000a1200000|  0%| F|  |TAMS 0x00000000a1100000, 0x00000000a1100000| Untracked 
|   4|0x00000000a1200000, 0x00000000a1200000, 0x00000000a1300000|  0%| F|  |TAMS 0x00000000a1200000, 0x00000000a1200000| Untracked 
|   5|0x00000000a1300000, 0x00000000a1300000, 0x00000000a1400000|  0%| F|  |TAMS 0x00000000a1300000, 0x00000000a1300000| Untracked 
|   6|0x00000000a1400000, 0x00000000a1400000, 0x00000000a1500000|  0%| F|  |TAMS 0x00000000a1400000, 0x00000000a1400000| Untracked 
|   7|0x00000000a1500000, 0x00000000a1500000, 0x00000000a1600000|  0%| F|  |TAMS 0x00000000a1500000, 0x00000000a1500000| Untracked 
|   8|0x00000000a1600000, 0x00000000a1600000, 0x00000000a1700000|  0%| F|  |TAMS 0x00000000a1600000, 0x00000000a1600000| Untracked 
|   9|0x00000000a1700000, 0x00000000a1700000, 0x00000000a1800000|  0%| F|  |TAMS 0x00000000a1700000, 0x00000000a1700000| Untracked 
|  10|0x00000000a1800000, 0x00000000a1800000, 0x00000000a1900000|  0%| F|  |TAMS 0x00000000a1800000, 0x00000000a1800000| Untracked 
|  11|0x00000000a1900000, 0x00000000a1900000, 0x00000000a1a00000|  0%| F|  |TAMS 0x00000000a1900000, 0x00000000a1900000| Untracked 
|  12|0x00000000a1a00000, 0x00000000a1a00000, 0x00000000a1b00000|  0%| F|  |TAMS 0x00000000a1a00000, 0x00000000a1a00000| Untracked 
|  13|0x00000000a1b00000, 0x00000000a1b00000, 0x00000000a1c00000|  0%| F|  |TAMS 0x00000000a1b00000, 0x00000000a1b00000| Untracked 
|  14|0x00000000a1c00000, 0x00000000a1c00000, 0x00000000a1d00000|  0%| F|  |TAMS 0x00000000a1c00000, 0x00000000a1c00000| Untracked 
|  15|0x00000000a1d00000, 0x00000000a1d00000, 0x00000000a1e00000|  0%| F|  |TAMS 0x00000000a1d00000, 0x00000000a1d00000| Untracked 
|  16|0x00000000a1e00000, 0x00000000a1e00000, 0x00000000a1f00000|  0%| F|  |TAMS 0x00000000a1e00000, 0x00000000a1e00000| Untracked 
|  17|0x00000000a1f00000, 0x00000000a1f00000, 0x00000000a2000000|  0%| F|  |TAMS 0x00000000a1f00000, 0x00000000a1f00000| Untracked 
|  18|0x00000000a2000000, 0x00000000a2000000, 0x00000000a2100000|  0%| F|  |TAMS 0x00000000a2000000, 0x00000000a2000000| Untracked 
|  19|0x00000000a2100000, 0x00000000a2100000, 0x00000000a2200000|  0%| F|  |TAMS 0x00000000a2100000, 0x00000000a2100000| Untracked 
|  20|0x00000000a2200000, 0x00000000a2200000, 0x00000000a2300000|  0%| F|  |TAMS 0x00000000a2200000, 0x00000000a2200000| Untracked 
|  21|0x00000000a2300000, 0x00000000a2300000, 0x00000000a2400000|  0%| F|  |TAMS 0x00000000a2300000, 0x00000000a2300000| Untracked 
|  22|0x00000000a2400000, 0x00000000a2400000, 0x00000000a2500000|  0%| F|  |TAMS 0x00000000a2400000, 0x00000000a2400000| Untracked 
|  23|0x00000000a2500000, 0x00000000a2500000, 0x00000000a2600000|  0%| F|  |TAMS 0x00000000a2500000, 0x00000000a2500000| Untracked 
|  24|0x00000000a2600000, 0x00000000a2600000, 0x00000000a2700000|  0%| F|  |TAMS 0x00000000a2600000, 0x00000000a2600000| Untracked 
|  25|0x00000000a2700000, 0x00000000a2700000, 0x00000000a2800000|  0%| F|  |TAMS 0x00000000a2700000, 0x00000000a2700000| Untracked 
|  26|0x00000000a2800000, 0x00000000a2800000, 0x00000000a2900000|  0%| F|  |TAMS 0x00000000a2800000, 0x00000000a2800000| Untracked 
|  27|0x00000000a2900000, 0x00000000a2900000, 0x00000000a2a00000|  0%| F|  |TAMS 0x00000000a2900000, 0x00000000a2900000| Untracked 
|  28|0x00000000a2a00000, 0x00000000a2a00000, 0x00000000a2b00000|  0%| F|  |TAMS 0x00000000a2a00000, 0x00000000a2a00000| Untracked 
|  29|0x00000000a2b00000, 0x00000000a2b00000, 0x00000000a2c00000|  0%| F|  |TAMS 0x00000000a2b00000, 0x00000000a2b00000| Untracked 
|  30|0x00000000a2c00000, 0x00000000a2c00000, 0x00000000a2d00000|  0%| F|  |TAMS 0x00000000a2c00000, 0x00000000a2c00000| Untracked 
|  31|0x00000000a2d00000, 0x00000000a2d00000, 0x00000000a2e00000|  0%| F|  |TAMS 0x00000000a2d00000, 0x00000000a2d00000| Untracked 
|  32|0x00000000a2e00000, 0x00000000a2e00000, 0x00000000a2f00000|  0%| F|  |TAMS 0x00000000a2e00000, 0x00000000a2e00000| Untracked 
|  33|0x00000000a2f00000, 0x00000000a2f00000, 0x00000000a3000000|  0%| F|  |TAMS 0x00000000a2f00000, 0x00000000a2f00000| Untracked 
|  34|0x00000000a3000000, 0x00000000a3000000, 0x00000000a3100000|  0%| F|  |TAMS 0x00000000a3000000, 0x00000000a3000000| Untracked 
|  35|0x00000000a3100000, 0x00000000a3100000, 0x00000000a3200000|  0%| F|  |TAMS 0x00000000a3100000, 0x00000000a3100000| Untracked 
|  36|0x00000000a3200000, 0x00000000a3200000, 0x00000000a3300000|  0%| F|  |TAMS 0x00000000a3200000, 0x00000000a3200000| Untracked 
|  37|0x00000000a3300000, 0x00000000a3300000, 0x00000000a3400000|  0%| F|  |TAMS 0x00000000a3300000, 0x00000000a3300000| Untracked 
|  38|0x00000000a3400000, 0x00000000a3400000, 0x00000000a3500000|  0%| F|  |TAMS 0x00000000a3400000, 0x00000000a3400000| Untracked 
|  39|0x00000000a3500000, 0x00000000a3500000, 0x00000000a3600000|  0%| F|  |TAMS 0x00000000a3500000, 0x00000000a3500000| Untracked 
|  40|0x00000000a3600000, 0x00000000a3600000, 0x00000000a3700000|  0%| F|  |TAMS 0x00000000a3600000, 0x00000000a3600000| Untracked 
|  41|0x00000000a3700000, 0x00000000a3700000, 0x00000000a3800000|  0%| F|  |TAMS 0x00000000a3700000, 0x00000000a3700000| Untracked 
|  42|0x00000000a3800000, 0x00000000a3800000, 0x00000000a3900000|  0%| F|  |TAMS 0x00000000a3800000, 0x00000000a3800000| Untracked 
|  43|0x00000000a3900000, 0x00000000a3900000, 0x00000000a3a00000|  0%| F|  |TAMS 0x00000000a3900000, 0x00000000a3900000| Untracked 
|  44|0x00000000a3a00000, 0x00000000a3a00000, 0x00000000a3b00000|  0%| F|  |TAMS 0x00000000a3a00000, 0x00000000a3a00000| Untracked 
|  45|0x00000000a3b00000, 0x00000000a3b00000, 0x00000000a3c00000|  0%| F|  |TAMS 0x00000000a3b00000, 0x00000000a3b00000| Untracked 
|  46|0x00000000a3c00000, 0x00000000a3c00000, 0x00000000a3d00000|  0%| F|  |TAMS 0x00000000a3c00000, 0x00000000a3c00000| Untracked 
|  47|0x00000000a3d00000, 0x00000000a3d00000, 0x00000000a3e00000|  0%| F|  |TAMS 0x00000000a3d00000, 0x00000000a3d00000| Untracked 
|  48|0x00000000a3e00000, 0x00000000a3e00000, 0x00000000a3f00000|  0%| F|  |TAMS 0x00000000a3e00000, 0x00000000a3e00000| Untracked 
|  49|0x00000000a3f00000, 0x00000000a3f00000, 0x00000000a4000000|  0%| F|  |TAMS 0x00000000a3f00000, 0x00000000a3f00000| Untracked 
|  50|0x00000000a4000000, 0x00000000a4000000, 0x00000000a4100000|  0%| F|  |TAMS 0x00000000a4000000, 0x00000000a4000000| Untracked 
|  51|0x00000000a4100000, 0x00000000a4100000, 0x00000000a4200000|  0%| F|  |TAMS 0x00000000a4100000, 0x00000000a4100000| Untracked 
|  52|0x00000000a4200000, 0x00000000a4200000, 0x00000000a4300000|  0%| F|  |TAMS 0x00000000a4200000, 0x00000000a4200000| Untracked 
|  53|0x00000000a4300000, 0x00000000a4300000, 0x00000000a4400000|  0%| F|  |TAMS 0x00000000a4300000, 0x00000000a4300000| Untracked 
|  54|0x00000000a4400000, 0x00000000a4400000, 0x00000000a4500000|  0%| F|  |TAMS 0x00000000a4400000, 0x00000000a4400000| Untracked 
|  55|0x00000000a4500000, 0x00000000a4500000, 0x00000000a4600000|  0%| F|  |TAMS 0x00000000a4500000, 0x00000000a4500000| Untracked 
|  56|0x00000000a4600000, 0x00000000a4600000, 0x00000000a4700000|  0%| F|  |TAMS 0x00000000a4600000, 0x00000000a4600000| Untracked 
|  57|0x00000000a4700000, 0x00000000a4700000, 0x00000000a4800000|  0%| F|  |TAMS 0x00000000a4700000, 0x00000000a4700000| Untracked 
|  58|0x00000000a4800000, 0x00000000a4800000, 0x00000000a4900000|  0%| F|  |TAMS 0x00000000a4800000, 0x00000000a4800000| Untracked 
|  59|0x00000000a4900000, 0x00000000a4900000, 0x00000000a4a00000|  0%| F|  |TAMS 0x00000000a4900000, 0x00000000a4900000| Untracked 
|  60|0x00000000a4a00000, 0x00000000a4a00000, 0x00000000a4b00000|  0%| F|  |TAMS 0x00000000a4a00000, 0x00000000a4a00000| Untracked 
|  61|0x00000000a4b00000, 0x00000000a4b00000, 0x00000000a4c00000|  0%| F|  |TAMS 0x00000000a4b00000, 0x00000000a4b00000| Untracked 
|  62|0x00000000a4c00000, 0x00000000a4c00000, 0x00000000a4d00000|  0%| F|  |TAMS 0x00000000a4c00000, 0x00000000a4c00000| Untracked 
|  63|0x00000000a4d00000, 0x00000000a4d00000, 0x00000000a4e00000|  0%| F|  |TAMS 0x00000000a4d00000, 0x00000000a4d00000| Untracked 
|  64|0x00000000a4e00000, 0x00000000a4e00000, 0x00000000a4f00000|  0%| F|  |TAMS 0x00000000a4e00000, 0x00000000a4e00000| Untracked 
|  65|0x00000000a4f00000, 0x00000000a4f00000, 0x00000000a5000000|  0%| F|  |TAMS 0x00000000a4f00000, 0x00000000a4f00000| Untracked 
|  66|0x00000000a5000000, 0x00000000a5000000, 0x00000000a5100000|  0%| F|  |TAMS 0x00000000a5000000, 0x00000000a5000000| Untracked 
|  67|0x00000000a5100000, 0x00000000a5100000, 0x00000000a5200000|  0%| F|  |TAMS 0x00000000a5100000, 0x00000000a5100000| Untracked 
|  68|0x00000000a5200000, 0x00000000a5200000, 0x00000000a5300000|  0%| F|  |TAMS 0x00000000a5200000, 0x00000000a5200000| Untracked 
|  69|0x00000000a5300000, 0x00000000a5300000, 0x00000000a5400000|  0%| F|  |TAMS 0x00000000a5300000, 0x00000000a5300000| Untracked 
|  70|0x00000000a5400000, 0x00000000a5500000, 0x00000000a5500000|100%| S|CS|TAMS 0x00000000a5400000, 0x00000000a5400000| Complete 
|  71|0x00000000a5500000, 0x00000000a5600000, 0x00000000a5600000|100%| S|CS|TAMS 0x00000000a5500000, 0x00000000a5500000| Complete 
|  72|0x00000000a5600000, 0x00000000a5700000, 0x00000000a5700000|100%| S|CS|TAMS 0x00000000a5600000, 0x00000000a5600000| Complete 
|  73|0x00000000a5700000, 0x00000000a5700000, 0x00000000a5800000|  0%| F|  |TAMS 0x00000000a5700000, 0x00000000a5700000| Untracked 
|  74|0x00000000a5800000, 0x00000000a5800000, 0x00000000a5900000|  0%| F|  |TAMS 0x00000000a5800000, 0x00000000a5800000| Untracked 
|  75|0x00000000a5900000, 0x00000000a5900000, 0x00000000a5a00000|  0%| F|  |TAMS 0x00000000a5900000, 0x00000000a5900000| Untracked 
|  76|0x00000000a5a00000, 0x00000000a5a00000, 0x00000000a5b00000|  0%| F|  |TAMS 0x00000000a5a00000, 0x00000000a5a00000| Untracked 
|  77|0x00000000a5b00000, 0x00000000a5b00000, 0x00000000a5c00000|  0%| F|  |TAMS 0x00000000a5b00000, 0x00000000a5b00000| Untracked 
|  78|0x00000000a5c00000, 0x00000000a5c00000, 0x00000000a5d00000|  0%| F|  |TAMS 0x00000000a5c00000, 0x00000000a5c00000| Untracked 
|  79|0x00000000a5d00000, 0x00000000a5d00000, 0x00000000a5e00000|  0%| F|  |TAMS 0x00000000a5d00000, 0x00000000a5d00000| Untracked 
|  80|0x00000000a5e00000, 0x00000000a5e00000, 0x00000000a5f00000|  0%| F|  |TAMS 0x00000000a5e00000, 0x00000000a5e00000| Untracked 
|  81|0x00000000a5f00000, 0x00000000a5f00000, 0x00000000a6000000|  0%| F|  |TAMS 0x00000000a5f00000, 0x00000000a5f00000| Untracked 
|  82|0x00000000a6000000, 0x00000000a608a9d0, 0x00000000a6100000| 54%| E|  |TAMS 0x00000000a6000000, 0x00000000a6000000| Complete 
|  83|0x00000000a6100000, 0x00000000a6200000, 0x00000000a6200000|100%| E|CS|TAMS 0x00000000a6100000, 0x00000000a6100000| Complete 
|  84|0x00000000a6200000, 0x00000000a6300000, 0x00000000a6300000|100%| E|CS|TAMS 0x00000000a6200000, 0x00000000a6200000| Complete 
|  85|0x00000000a6300000, 0x00000000a6400000, 0x00000000a6400000|100%| E|CS|TAMS 0x00000000a6300000, 0x00000000a6300000| Complete 
|  86|0x00000000a6400000, 0x00000000a6500000, 0x00000000a6500000|100%| E|CS|TAMS 0x00000000a6400000, 0x00000000a6400000| Complete 
|  87|0x00000000a6500000, 0x00000000a6600000, 0x00000000a6600000|100%| E|CS|TAMS 0x00000000a6500000, 0x00000000a6500000| Complete 
|  88|0x00000000a6600000, 0x00000000a6700000, 0x00000000a6700000|100%| E|CS|TAMS 0x00000000a6600000, 0x00000000a6600000| Complete 
|  89|0x00000000a6700000, 0x00000000a6800000, 0x00000000a6800000|100%| E|CS|TAMS 0x00000000a6700000, 0x00000000a6700000| Complete 
|  90|0x00000000a6800000, 0x00000000a6900000, 0x00000000a6900000|100%| E|CS|TAMS 0x00000000a6800000, 0x00000000a6800000| Complete 
|  91|0x00000000a6900000, 0x00000000a6a00000, 0x00000000a6a00000|100%| E|CS|TAMS 0x00000000a6900000, 0x00000000a6900000| Complete 
|  92|0x00000000a6a00000, 0x00000000a6b00000, 0x00000000a6b00000|100%| E|CS|TAMS 0x00000000a6a00000, 0x00000000a6a00000| Complete 
|  93|0x00000000a6b00000, 0x00000000a6c00000, 0x00000000a6c00000|100%| E|CS|TAMS 0x00000000a6b00000, 0x00000000a6b00000| Complete 
|  94|0x00000000a6c00000, 0x00000000a6d00000, 0x00000000a6d00000|100%| E|CS|TAMS 0x00000000a6c00000, 0x00000000a6c00000| Complete 
|  95|0x00000000a6d00000, 0x00000000a6e00000, 0x00000000a6e00000|100%| E|CS|TAMS 0x00000000a6d00000, 0x00000000a6d00000| Complete 

Card table byte_map: [0x000002bdfa090000,0x000002bdfa390000] _byte_map_base: 0x000002bdf9b89000

Marking Bits (Prev, Next): (CMBitMap*) 0x000002bdf7ac4230, (CMBitMap*) 0x000002bdf7ac4270
 Prev Bits: [0x000002bdfa690000, 0x000002bdfbe58000)
 Next Bits: [0x000002bdfbe60000, 0x000002bdfd628000)

Polling page: 0x000002bdf92e0000

Metaspace:

Usage:
  Non-class:     11.15 MB used.
      Class:      1.56 MB used.
       Both:     12.71 MB used.

Virtual space:
  Non-class space:       16.00 MB reserved,      11.31 MB ( 71%) committed,  2 nodes.
      Class space:        1.00 GB reserved,       1.69 MB ( <1%) committed,  1 nodes.
             Both:        1.02 GB reserved,      13.00 MB (  1%) committed. 

Chunk freelists:
   Non-Class:  560.00 KB
       Class:  2.30 MB
        Both:  2.84 MB

MaxMetaspaceSize: unlimited
CompressedClassSpaceSize: 1.00 GB
Initial GC threshold: 21.00 MB
Current GC threshold: 21.00 MB
CDS: on
MetaspaceReclaimPolicy: balanced
 - commit_granule_bytes: 65536.
 - commit_granule_words: 8192.
 - virtual_space_node_default_size: 1048576.
 - enlarge_chunks_in_place: 1.
 - new_chunks_are_fully_committed: 0.
 - uncommit_free_chunks: 1.
 - use_allocation_guard: 0.
 - handle_deallocations: 1.


Internal statistics:

num_allocs_failed_limit: 0.
num_arena_births: 212.
num_arena_deaths: 0.
num_vsnodes_births: 3.
num_vsnodes_deaths: 0.
num_space_committed: 208.
num_space_uncommitted: 0.
num_chunks_returned_to_freelist: 0.
num_chunks_taken_from_freelist: 510.
num_chunk_merges: 0.
num_chunk_splits: 323.
num_chunks_enlarged: 223.
num_purges: 0.
num_inconsistent_stats: 0.

CodeHeap 'non-profiled nmethods': size=120000Kb used=556Kb max_used=556Kb free=119443Kb
 bounds [0x000002bd8f4f0000, 0x000002bd8f760000, 0x000002bd96a20000]
CodeHeap 'profiled nmethods': size=120000Kb used=3495Kb max_used=3495Kb free=116504Kb
 bounds [0x000002bd87fc0000, 0x000002bd88330000, 0x000002bd8f4f0000]
CodeHeap 'non-nmethods': size=5760Kb used=1226Kb max_used=1226Kb free=4533Kb
 bounds [0x000002bd87a20000, 0x000002bd87c90000, 0x000002bd87fc0000]
 total_blobs=2324 nmethods=1795 adapters=441
 compilation: enabled
              stopped_count=0, restarted_count=0
 full_count=0

Compilation events (20 events):
Event: 2.933 Thread 0x000002bd96bcd4a0 1791       3       java.util.HashMap::entrySet (27 bytes)
Event: 2.933 Thread 0x000002bd96bcd4a0 nmethod 1791 0x000002bd88326290 code [0x000002bd88326460, 0x000002bd88326878]
Event: 2.933 Thread 0x000002bd96bcd4a0 1793       3       java.util.stream.AbstractPipeline::wrapSink (37 bytes)
Event: 2.933 Thread 0x000002bd96bcd4a0 nmethod 1793 0x000002bd88326a10 code [0x000002bd88326be0, 0x000002bd88326ff8]
Event: 2.933 Thread 0x000002bd96bcd4a0 1792       3       java.util.stream.AbstractPipeline::wrapAndCopyInto (18 bytes)
Event: 2.934 Thread 0x000002bd96bcd4a0 nmethod 1792 0x000002bd88327190 code [0x000002bd88327360, 0x000002bd88327768]
Event: 2.934 Thread 0x000002bd96bcd4a0 1794       3       java.util.stream.Sink::end (1 bytes)
Event: 2.934 Thread 0x000002bd96bcd4a0 nmethod 1794 0x000002bd88327910 code [0x000002bd88327aa0, 0x000002bd88327bb8]
Event: 2.934 Thread 0x000002bd96bcd4a0 1795       1       java.util.TreeMap::size (5 bytes)
Event: 2.934 Thread 0x000002bd96bcd4a0 nmethod 1795 0x000002bd8f57ac10 code [0x000002bd8f57ada0, 0x000002bd8f57ae78]
Event: 2.934 Thread 0x000002bd96bcd4a0 1796       3       java.nio.Buffer::remaining (20 bytes)
Event: 2.934 Thread 0x000002bd96bcd4a0 nmethod 1796 0x000002bd88327c90 code [0x000002bd88327e20, 0x000002bd88327fb8]
Event: 2.934 Thread 0x000002bd96bcd4a0 1797       3       jdk.internal.misc.Unsafe::getAndAddLong (27 bytes)
Event: 2.934 Thread 0x000002bd96bcd4a0 nmethod 1797 0x000002bd88328090 code [0x000002bd88328240, 0x000002bd88328488]
Event: 2.934 Thread 0x000002bd96bcd4a0 1799       3       java.util.ImmutableCollections$List12::<init> (20 bytes)
Event: 2.935 Thread 0x000002bd96bcd4a0 nmethod 1799 0x000002bd88328590 code [0x000002bd88328760, 0x000002bd88328c08]
Event: 2.935 Thread 0x000002bd96bcd4a0 1800       3       java.util.ArrayList::toArray (12 bytes)
Event: 2.935 Thread 0x000002bd96bcd4a0 nmethod 1800 0x000002bd88328d90 code [0x000002bd88328f40, 0x000002bd88329128]
Event: 2.935 Thread 0x000002bd96bcd4a0 1801       3       java.util.stream.AbstractPipeline::evaluate (94 bytes)
Event: 2.935 Thread 0x000002bd96bcd4a0 nmethod 1801 0x000002bd88329210 code [0x000002bd88329440, 0x000002bd88329ae8]

GC Heap History (2 events):
Event: 1.089 GC heap before
{Heap before GC invocations=0 (full 0):
 garbage-first heap   total 98304K, used 22528K [0x00000000a0e00000, 0x0000000100000000)
  region size 1024K, 23 young (23552K), 0 survivors (0K)
 Metaspace       used 8911K, committed 9152K, reserved 1056768K
  class space    used 1037K, committed 1152K, reserved 1048576K
}
Event: 1.097 GC heap after
{Heap after GC invocations=1 (full 0):
 garbage-first heap   total 98304K, used 6050K [0x00000000a0e00000, 0x0000000100000000)
  region size 1024K, 3 young (3072K), 3 survivors (3072K)
 Metaspace       used 8911K, committed 9152K, reserved 1056768K
  class space    used 1037K, committed 1152K, reserved 1048576K
}

Dll operation events (7 events):
Event: 0.009 Loaded shared library C:\Program Files\Eclipse Adoptium\jdk-17.0.5.8-hotspot\bin\java.dll
Event: 0.020 Loaded shared library C:\Program Files\Eclipse Adoptium\jdk-17.0.5.8-hotspot\bin\jsvml.dll
Event: 0.109 Loaded shared library C:\Program Files\Eclipse Adoptium\jdk-17.0.5.8-hotspot\bin\net.dll
Event: 0.111 Loaded shared library C:\Program Files\Eclipse Adoptium\jdk-17.0.5.8-hotspot\bin\nio.dll
Event: 0.116 Loaded shared library C:\Program Files\Eclipse Adoptium\jdk-17.0.5.8-hotspot\bin\zip.dll
Event: 0.219 Loaded shared library C:\Program Files\Eclipse Adoptium\jdk-17.0.5.8-hotspot\bin\jimage.dll
Event: 0.449 Loaded shared library C:\Program Files\Eclipse Adoptium\jdk-17.0.5.8-hotspot\bin\sunmscapi.dll

Deoptimization events (20 events):
Event: 1.297 Thread 0x000002bd98514ae0 DEOPT PACKING pc=0x000002bd8f52bc3c sp=0x000000daa57fe1f0
Event: 1.297 Thread 0x000002bd98514ae0 DEOPT UNPACKING pc=0x000002bd87a723a3 sp=0x000000daa57fe0b0 mode 2
Event: 1.297 Thread 0x000002bd98514ae0 Uncommon trap: trap_request=0xffffff45 fr.pc=0x000002bd8f55c994 relative=0x0000000000000154
Event: 1.297 Thread 0x000002bd98514ae0 Uncommon trap: reason=unstable_if action=reinterpret pc=0x000002bd8f55c994 method=java.util.concurrent.ConcurrentHashMap.addCount(JI)V @ 7 c2
Event: 1.297 Thread 0x000002bd98514ae0 DEOPT PACKING pc=0x000002bd8f55c994 sp=0x000000daa57fe700
Event: 1.297 Thread 0x000002bd98514ae0 DEOPT UNPACKING pc=0x000002bd87a723a3 sp=0x000000daa57fe660 mode 2
Event: 2.712 Thread 0x000002bdf7a75840 DEOPT PACKING pc=0x000002bd87ff21be sp=0x000000daa43f9910
Event: 2.712 Thread 0x000002bdf7a75840 DEOPT UNPACKING pc=0x000002bd87a72b43 sp=0x000000daa43f8d88 mode 0
Event: 2.772 Thread 0x000002bdf7a75840 Uncommon trap: trap_request=0xffffff45 fr.pc=0x000002bd8f554ea0 relative=0x0000000000000920
Event: 2.772 Thread 0x000002bdf7a75840 Uncommon trap: reason=unstable_if action=reinterpret pc=0x000002bd8f554ea0 method=java.util.HashMap.putVal(ILjava/lang/Object;Ljava/lang/Object;ZZ)Ljava/lang/Object; @ 81 c2
Event: 2.772 Thread 0x000002bdf7a75840 DEOPT PACKING pc=0x000002bd8f554ea0 sp=0x000000daa43fe790
Event: 2.772 Thread 0x000002bdf7a75840 DEOPT UNPACKING pc=0x000002bd87a723a3 sp=0x000000daa43fe730 mode 2
Event: 2.815 Thread 0x000002bdf7a75840 Uncommon trap: trap_request=0xffffff45 fr.pc=0x000002bd8f5628b4 relative=0x00000000000009f4
Event: 2.815 Thread 0x000002bdf7a75840 Uncommon trap: reason=unstable_if action=reinterpret pc=0x000002bd8f5628b4 method=java.lang.Integer.stringSize(I)I @ 19 c2
Event: 2.815 Thread 0x000002bdf7a75840 DEOPT PACKING pc=0x000002bd8f5628b4 sp=0x000000daa43fe8c0
Event: 2.815 Thread 0x000002bdf7a75840 DEOPT UNPACKING pc=0x000002bd87a723a3 sp=0x000000daa43fe808 mode 2
Event: 2.907 Thread 0x000002bdf7a75840 Uncommon trap: trap_request=0xffffff45 fr.pc=0x000002bd8f523548 relative=0x0000000000000048
Event: 2.907 Thread 0x000002bdf7a75840 Uncommon trap: reason=unstable_if action=reinterpret pc=0x000002bd8f523548 method=java.lang.CharacterData.of(I)Ljava/lang/CharacterData; @ 4 c2
Event: 2.907 Thread 0x000002bdf7a75840 DEOPT PACKING pc=0x000002bd8f523548 sp=0x000000daa43fe3a0
Event: 2.907 Thread 0x000002bdf7a75840 DEOPT UNPACKING pc=0x000002bd87a723a3 sp=0x000000daa43fe340 mode 2

Classes unloaded (0 events):
No events

Classes redefined (0 events):
No events

Internal exceptions (20 events):
Event: 0.964 Thread 0x000002bd9859c1c0 Exception <a 'java/net/SocketException'{0x00000000a59f4938}: Socket is not connected: shutdown> (0x00000000a59f4938) 
thrown [s\src\hotspot\share\prims\jni.cpp, line 535]
Event: 0.978 Thread 0x000002bd9859c1c0 Exception <a 'java/net/ConnectException'{0x00000000a59f5930}: Connection refused: no further information> (0x00000000a59f5930) 
thrown [s\src\hotspot\share\prims\jni.cpp, line 535]
Event: 0.978 Thread 0x000002bd9859c1c0 Exception <a 'java/net/SocketException'{0x00000000a59f5c68}: Socket is not connected: shutdown> (0x00000000a59f5c68) 
thrown [s\src\hotspot\share\prims\jni.cpp, line 535]
Event: 1.032 Thread 0x000002bdf7a75840 Exception <a 'java/lang/NoSuchMethodError'{0x00000000a5878b28}: 'int java.lang.invoke.DirectMethodHandle$Holder.invokeVirtual(java.lang.Object, java.lang.Object)'> (0x00000000a5878b28) 
thrown [s\src\hotspot\share\interpreter\linkResolver.cpp, line 759]
Event: 1.033 Thread 0x000002bdf7a75840 Exception <a 'java/lang/NoSuchMethodError'{0x00000000a587f048}: 'double java.lang.invoke.DirectMethodHandle$Holder.invokeVirtual(java.lang.Object, java.lang.Object)'> (0x00000000a587f048) 
thrown [s\src\hotspot\share\interpreter\linkResolver.cpp, line 759]
Event: 1.034 Thread 0x000002bdf7a75840 Exception <a 'java/lang/NoSuchMethodError'{0x00000000a58857f0}: 'float java.lang.invoke.DirectMethodHandle$Holder.invokeVirtual(java.lang.Object, java.lang.Object)'> (0x00000000a58857f0) 
thrown [s\src\hotspot\share\interpreter\linkResolver.cpp, line 759]
Event: 1.035 Thread 0x000002bdf7a75840 Exception <a 'java/lang/NoSuchMethodError'{0x00000000a588e710}: 'long java.lang.invoke.DirectMethodHandle$Holder.invokeVirtual(java.lang.Object, java.lang.Object)'> (0x00000000a588e710) 
thrown [s\src\hotspot\share\interpreter\linkResolver.cpp, line 759]
Event: 1.042 Thread 0x000002bdf7a75840 Exception <a 'java/lang/NoSuchMethodError'{0x00000000a58bc1b0}: 'void java.lang.invoke.DirectMethodHandle$Holder.invokeStatic(java.lang.Object, java.lang.Object, java.lang.Object)'> (0x00000000a58bc1b0) 
thrown [s\src\hotspot\share\interpreter\linkResolver.cpp, line 759]
Event: 1.042 Thread 0x000002bdf7a75840 Exception <a 'java/lang/NoSuchMethodError'{0x00000000a58c26d0}: 'java.lang.Object java.lang.invoke.DirectMethodHandle$Holder.invokeVirtual(java.lang.Object, java.lang.Object, java.lang.Object)'> (0x00000000a58c26d0) 
thrown [s\src\hotspot\share\interpreter\linkResolver.cpp, line 759]
Event: 1.085 Thread 0x000002bdf7a75840 Exception <a 'java/lang/NoSuchMethodError'{0x00000000a57ee378}: 'java.lang.Object java.lang.invoke.DirectMethodHandle$Holder.newInvokeSpecial(java.lang.Object, java.lang.Object, int, int)'> (0x00000000a57ee378) 
thrown [s\src\hotspot\share\interpreter\linkResolver.cpp, line 759]
Event: 1.088 Thread 0x000002bdf7a75840 Exception <a 'java/lang/NoSuchMethodError'{0x00000000a57f9500}: 'void java.lang.invoke.DirectMethodHandle$Holder.invokeStatic(java.lang.Object, java.lang.Object, int)'> (0x00000000a57f9500) 
thrown [s\src\hotspot\share\interpreter\linkResolver.cpp, line 759]
Event: 1.141 Thread 0x000002bdf7a75840 Exception <a 'java/lang/NoSuchMethodError'{0x00000000a6c93bb8}: 'java.lang.Object java.lang.invoke.DirectMethodHandle$Holder.newInvokeSpecial(java.lang.Object, java.lang.Object, java.lang.Object, java.lang.Object, java.lang.Object)'> (0x00000000a6c93bb8) 
thrown [s\src\hotspot\share\interpreter\linkResolver.cpp, line 759]
Event: 1.203 Thread 0x000002bdf7a75840 Exception <a 'java/lang/NoSuchMethodError'{0x00000000a692a160}: 'void java.lang.invoke.DirectMethodHandle$Holder.invokeSpecial(java.lang.Object, java.lang.Object, java.lang.Object)'> (0x00000000a692a160) 
thrown [s\src\hotspot\share\interpreter\linkResolver.cpp, line 759]
Event: 1.205 Thread 0x000002bdf7a75840 Exception <a 'java/lang/NoSuchMethodError'{0x00000000a6938368}: 'void java.lang.invoke.DirectMethodHandle$Holder.invokeStatic(java.lang.Object, java.lang.Object, java.lang.Object, java.lang.Object)'> (0x00000000a6938368) 
thrown [s\src\hotspot\share\interpreter\linkResolver.cpp, line 759]
Event: 1.252 Thread 0x000002bd9870fd20 Exception <a 'java/lang/NoSuchMethodError'{0x00000000a688bbf0}: 'java.lang.Object java.lang.invoke.DirectMethodHandle$Holder.invokeSpecial(java.lang.Object, java.lang.Object, java.lang.Object, java.lang.Object, int)'> (0x00000000a688bbf0) 
thrown [s\src\hotspot\share\interpreter\linkResolver.cpp, line 759]
Event: 1.253 Thread 0x000002bd9870fd20 Exception <a 'java/lang/NoSuchMethodError'{0x00000000a688f7b8}: 'java.lang.Object java.lang.invoke.Invokers$Holder.linkToTargetMethod(java.lang.Object, java.lang.Object, int, java.lang.Object)'> (0x00000000a688f7b8) 
thrown [s\src\hotspot\share\interpreter\linkResolver.cpp, line 759]
Event: 1.281 Thread 0x000002bd9870fd20 Exception <a 'java/lang/NoSuchMethodError'{0x00000000a68e5510}: 'void java.lang.invoke.DirectMethodHandle$Holder.invokeSpecial(java.lang.Object, java.lang.Object, java.lang.Object, java.lang.Object, java.lang.Object)'> (0x00000000a68e5510) 
thrown [s\src\hotspot\share\interpreter\linkResolver.cpp, line 759]
Event: 2.606 Thread 0x000002bd9870e9e0 Exception <a 'java/lang/NoSuchMethodError'{0x00000000a67cb388}: 'void java.lang.invoke.DirectMethodHandle$Holder.invokeSpecial(java.lang.Object, java.lang.Object, java.lang.Object, java.lang.Object, java.lang.Object, java.lang.Object, java.lang.Object)'> (0x00000000a67cb388) 
thrown [s\src\hotspot\share\interpreter\linkResolver.cpp, line 759]
Event: 2.765 Thread 0x000002bdf7a75840 Exception <a 'java/lang/NoSuchMethodError'{0x00000000a655b1b8}: 'java.lang.Object java.lang.invoke.DirectMethodHandle$Holder.invokeSpecialIFC(java.lang.Object, java.lang.Object, java.lang.Object)'> (0x00000000a655b1b8) 
thrown [s\src\hotspot\share\interpreter\linkResolver.cpp, line 759]
Event: 2.912 Thread 0x000002bdf7a75840 Exception <a 'java/lang/ClassNotFoundException'{0x00000000a6191c90}: sun/util/logging/resources/spi/loggingProvider> (0x00000000a6191c90) 
thrown [s\src\hotspot\share\classfile\systemDictionary.cpp, line 256]

VM Operations (20 events):
Event: 0.431 Executing VM operation: HandshakeAllThreads
Event: 0.431 Executing VM operation: HandshakeAllThreads done
Event: 0.785 Executing VM operation: HandshakeAllThreads
Event: 0.785 Executing VM operation: HandshakeAllThreads done
Event: 0.832 Executing VM operation: HandshakeAllThreads
Event: 0.832 Executing VM operation: HandshakeAllThreads done
Event: 0.943 Executing VM operation: ICBufferFull
Event: 0.943 Executing VM operation: ICBufferFull done
Event: 1.012 Executing VM operation: HandshakeAllThreads
Event: 1.012 Executing VM operation: HandshakeAllThreads done
Event: 1.014 Executing VM operation: HandshakeAllThreads
Event: 1.014 Executing VM operation: HandshakeAllThreads done
Event: 1.089 Executing VM operation: G1CollectForAllocation
Event: 1.097 Executing VM operation: G1CollectForAllocation done
Event: 2.101 Executing VM operation: Cleanup
Event: 2.101 Executing VM operation: Cleanup done
Event: 2.889 Executing VM operation: HandshakeAllThreads
Event: 2.889 Executing VM operation: HandshakeAllThreads done
Event: 2.908 Executing VM operation: HandshakeAllThreads
Event: 2.908 Executing VM operation: HandshakeAllThreads done

Events (20 events):
Event: 2.911 loading class java/util/ResourceBundle$CacheKeyReference done
Event: 2.911 loading class java/util/ResourceBundle$KeyElementReference done
Event: 2.912 loading class java/util/ResourceBundle$3
Event: 2.912 loading class java/util/ResourceBundle$3 done
Event: 2.913 loading class sun/util/logging/resources/logging
Event: 2.913 loading class sun/util/logging/resources/logging done
Event: 2.913 loading class java/util/ResourceBundle$BundleReference
Event: 2.914 loading class java/util/ResourceBundle$BundleReference done
Event: 2.914 loading class sun/util/logging/resources/logging_en
Event: 2.914 loading class sun/util/logging/resources/logging_en done
Event: 2.914 loading class sun/util/logging/resources/logging_en
Event: 2.914 loading class sun/util/logging/resources/logging_en done
Event: 2.914 loading class sun/util/logging/resources/logging_en_US
Event: 2.914 loading class sun/util/logging/resources/logging_en_US done
Event: 2.914 loading class sun/util/logging/resources/logging_en_US
Event: 2.915 loading class sun/util/logging/resources/logging_en_US done
Event: 2.915 loading class java/util/Formatter$DateTime
Event: 2.915 loading class java/util/Formatter$DateTime done
Event: 2.915 loading class java/time/ZonedDateTime$1
Event: 2.915 loading class java/time/ZonedDateTime$1 done


Dynamic libraries:
0x00007ff769a80000 - 0x00007ff769a8e000 	C:\Program Files\Eclipse Adoptium\jdk-17.0.5.8-hotspot\bin\javaw.exe
0x00007ffbb61b0000 - 0x00007ffbb63c7000 	C:\WINDOWS\SYSTEM32\ntdll.dll
0x00007ffbb4d40000 - 0x00007ffbb4e04000 	C:\WINDOWS\System32\KERNEL32.DLL
0x00007ffbb35a0000 - 0x00007ffbb3946000 	C:\WINDOWS\System32\KERNELBASE.dll
0x00007ffbb3a10000 - 0x00007ffbb3b21000 	C:\WINDOWS\System32\ucrtbase.dll
0x00007ffbae070000 - 0x00007ffbae089000 	C:\Program Files\Eclipse Adoptium\jdk-17.0.5.8-hotspot\bin\VCRUNTIME140.dll
0x00007ffbadce0000 - 0x00007ffbadcf7000 	C:\Program Files\Eclipse Adoptium\jdk-17.0.5.8-hotspot\bin\jli.dll
0x00007ffbb43f0000 - 0x00007ffbb459e000 	C:\WINDOWS\System32\USER32.dll
0x00007ffba16d0000 - 0x00007ffba1963000 	C:\WINDOWS\WinSxS\amd64_microsoft.windows.common-controls_6595b64144ccf1df_6.0.22621.2506_none_270c5ae97388e100\COMCTL32.dll
0x00007ffbb3c40000 - 0x00007ffbb3c66000 	C:\WINDOWS\System32\win32u.dll
0x00007ffbb51f0000 - 0x00007ffbb5297000 	C:\WINDOWS\System32\msvcrt.dll
0x00007ffbb43b0000 - 0x00007ffbb43d9000 	C:\WINDOWS\System32\GDI32.dll
0x00007ffbb3c70000 - 0x00007ffbb3d88000 	C:\WINDOWS\System32\gdi32full.dll
0x00007ffbb3b30000 - 0x00007ffbb3bca000 	C:\WINDOWS\System32\msvcp_win.dll
0x00007ffbb41d0000 - 0x00007ffbb4201000 	C:\WINDOWS\System32\IMM32.DLL
0x00007ffbaeeb0000 - 0x00007ffbaeebc000 	C:\Program Files\Eclipse Adoptium\jdk-17.0.5.8-hotspot\bin\vcruntime140_1.dll
0x00007ffbabe30000 - 0x00007ffbabec1000 	C:\Program Files\Eclipse Adoptium\jdk-17.0.5.8-hotspot\bin\msvcp140.dll
0x00007ffb6b9a0000 - 0x00007ffb6c5e4000 	C:\Program Files\Eclipse Adoptium\jdk-17.0.5.8-hotspot\bin\server\jvm.dll
0x00007ffbb5330000 - 0x00007ffbb53e3000 	C:\WINDOWS\System32\ADVAPI32.dll
0x00007ffbb4000000 - 0x00007ffbb40a8000 	C:\WINDOWS\System32\sechost.dll
0x00007ffbb34f0000 - 0x00007ffbb3518000 	C:\WINDOWS\System32\bcrypt.dll
0x00007ffbb40b0000 - 0x00007ffbb41c7000 	C:\WINDOWS\System32\RPCRT4.dll
0x00007ffbabdc0000 - 0x00007ffbabdf4000 	C:\WINDOWS\SYSTEM32\WINMM.dll
0x00007ffb99350000 - 0x00007ffb99359000 	C:\WINDOWS\SYSTEM32\WSOCK32.dll
0x00007ffbaaea0000 - 0x00007ffbaaeaa000 	C:\WINDOWS\SYSTEM32\VERSION.dll
0x00007ffbb4330000 - 0x00007ffbb43a1000 	C:\WINDOWS\System32\WS2_32.dll
0x00007ffbb2520000 - 0x00007ffbb2538000 	C:\WINDOWS\SYSTEM32\kernel.appcore.dll
0x00007ffbabdb0000 - 0x00007ffbabdba000 	C:\Program Files\Eclipse Adoptium\jdk-17.0.5.8-hotspot\bin\jimage.dll
0x00007ffb9cea0000 - 0x00007ffb9d0d3000 	C:\WINDOWS\SYSTEM32\DBGHELP.DLL
0x00007ffbb5c50000 - 0x00007ffbb5fd9000 	C:\WINDOWS\System32\combase.dll
0x00007ffbb6040000 - 0x00007ffbb6117000 	C:\WINDOWS\System32\OLEAUT32.dll
0x00007ffb9cd50000 - 0x00007ffb9cd82000 	C:\WINDOWS\SYSTEM32\dbgcore.DLL
0x00007ffbb3520000 - 0x00007ffbb359a000 	C:\WINDOWS\System32\bcryptPrimitives.dll
0x00007ffb9fe60000 - 0x00007ffb9fe85000 	C:\Program Files\Eclipse Adoptium\jdk-17.0.5.8-hotspot\bin\java.dll
0x00007ffb7d3d0000 - 0x00007ffb7d4a6000 	C:\Program Files\Eclipse Adoptium\jdk-17.0.5.8-hotspot\bin\jsvml.dll
0x00007ffbb53f0000 - 0x00007ffbb5c4a000 	C:\WINDOWS\System32\SHELL32.dll
0x00007ffbb1440000 - 0x00007ffbb1d36000 	C:\WINDOWS\SYSTEM32\windows.storage.dll
0x00007ffbb1300000 - 0x00007ffbb143e000 	C:\WINDOWS\SYSTEM32\wintypes.dll
0x00007ffbb4210000 - 0x00007ffbb4303000 	C:\WINDOWS\System32\SHCORE.dll
0x00007ffbb5fe0000 - 0x00007ffbb603e000 	C:\WINDOWS\System32\shlwapi.dll
0x00007ffbb3420000 - 0x00007ffbb3446000 	C:\WINDOWS\SYSTEM32\profapi.dll
0x00007ffba3a50000 - 0x00007ffba3a69000 	C:\Program Files\Eclipse Adoptium\jdk-17.0.5.8-hotspot\bin\net.dll
0x00007ffbacca0000 - 0x00007ffbacdd7000 	C:\WINDOWS\SYSTEM32\WINHTTP.dll
0x00007ffbb2a10000 - 0x00007ffbb2a79000 	C:\WINDOWS\system32\mswsock.dll
0x00007ffb9f4b0000 - 0x00007ffb9f4c5000 	C:\Program Files\Eclipse Adoptium\jdk-17.0.5.8-hotspot\bin\nio.dll
0x00007ffb9d860000 - 0x00007ffb9d878000 	C:\Program Files\Eclipse Adoptium\jdk-17.0.5.8-hotspot\bin\zip.dll
0x00007ffbb2010000 - 0x00007ffbb2109000 	C:\WINDOWS\SYSTEM32\DNSAPI.dll
0x00007ffbb1fe0000 - 0x00007ffbb200d000 	C:\WINDOWS\SYSTEM32\IPHLPAPI.DLL
0x00007ffbb3f70000 - 0x00007ffbb3f79000 	C:\WINDOWS\System32\NSI.dll
0x00007ffb9e2a0000 - 0x00007ffb9e2aa000 	C:\Windows\System32\rasadhlp.dll
0x00007ffbaaeb0000 - 0x00007ffbaaf33000 	C:\WINDOWS\System32\fwpuclnt.dll
0x00007ffba60f0000 - 0x00007ffba60fe000 	C:\Program Files\Eclipse Adoptium\jdk-17.0.5.8-hotspot\bin\sunmscapi.dll
0x00007ffbb3d90000 - 0x00007ffbb3ef6000 	C:\WINDOWS\System32\CRYPT32.dll
0x00007ffbb2e80000 - 0x00007ffbb2eae000 	C:\WINDOWS\SYSTEM32\ncrypt.dll
0x00007ffbb2e40000 - 0x00007ffbb2e77000 	C:\WINDOWS\SYSTEM32\NTASN1.dll
0x00007ffbb2c60000 - 0x00007ffbb2c7b000 	C:\WINDOWS\SYSTEM32\CRYPTSP.dll
0x00007ffbb2480000 - 0x00007ffbb24b5000 	C:\WINDOWS\system32\rsaenh.dll
0x00007ffbb2b00000 - 0x00007ffbb2b2c000 	C:\WINDOWS\SYSTEM32\USERENV.dll
0x00007ffbb2c80000 - 0x00007ffbb2c8c000 	C:\WINDOWS\SYSTEM32\CRYPTBASE.dll
0x00007ffbad2f0000 - 0x00007ffbad309000 	C:\WINDOWS\SYSTEM32\dhcpcsvc6.DLL
0x00007ffbac9c0000 - 0x00007ffbac9df000 	C:\WINDOWS\SYSTEM32\dhcpcsvc.DLL
0x00007ffbadcd0000 - 0x00007ffbadcd8000 	C:\WINDOWS\system32\wshunix.dll

dbghelp: loaded successfully - version: 4.0.5 - missing functions: none
symbol engine: initialized successfully - sym options: 0x614 - pdb path: .;C:\Program Files\Eclipse Adoptium\jdk-17.0.5.8-hotspot\bin;C:\WINDOWS\SYSTEM32;C:\WINDOWS\WinSxS\amd64_microsoft.windows.common-controls_6595b64144ccf1df_6.0.22621.2506_none_270c5ae97388e100;C:\Program Files\Eclipse Adoptium\jdk-17.0.5.8-hotspot\bin\server

VM Arguments:
jvm_args: -Dfile.encoding=UTF-8 -XX:+ShowCodeDetailsInExceptionMessages 
java_command: Axis.BCGSolutions.PracticeProject.DragAndDrop
java_class_path (initial): C:\Users\Admin\eclipse-java_training\BCGSolutions\target\classes;C:\Users\Admin\.m2\repository\org\seleniumhq\selenium\selenium-java\4.15.0\selenium-java-4.15.0.jar;C:\Users\Admin\.m2\repository\org\seleniumhq\selenium\selenium-api\4.15.0\selenium-api-4.15.0.jar;C:\Users\Admin\.m2\repository\org\seleniumhq\selenium\selenium-chrome-driver\4.15.0\selenium-chrome-driver-4.15.0.jar;C:\Users\Admin\.m2\repository\com\google\auto\service\auto-service-annotations\1.1.1\auto-service-annotations-1.1.1.jar;C:\Users\Admin\.m2\repository\org\seleniumhq\selenium\selenium-chromium-driver\4.15.0\selenium-chromium-driver-4.15.0.jar;C:\Users\Admin\.m2\repository\org\seleniumhq\selenium\selenium-json\4.15.0\selenium-json-4.15.0.jar;C:\Users\Admin\.m2\repository\org\seleniumhq\selenium\selenium-manager\4.15.0\selenium-manager-4.15.0.jar;C:\Users\Admin\.m2\repository\org\seleniumhq\selenium\selenium-devtools-v117\4.15.0\selenium-devtools-v117-4.15.0.jar;C:\Users\Admin\.m2\repository\org\seleniumhq\selenium\selenium-devtools-v118\4.15.0\selenium-devtools-v118-4.15.0.jar;C:\Users\Admin\.m2\repository\org\seleniumhq\selenium\selenium-devtools-v119\4.15.0\selenium-devtools-v119-4.15.0.jar;C:\Users\Admin\.m2\repository\org\seleniumhq\selenium\selenium-devtools-v85\4.15.0\selenium-devtools-v85-4.15.0.jar;C:\Users\Admin\.m2\repository\org\seleniumhq\selenium\selenium-edge-driver\4.15.0\selenium-edge-driver-4.15.0.jar;C:\Users\Admin\.m2\repository\org\seleniumhq\selenium\selenium-firefox-driver\4.15.0\selenium-firefox-driver-4.15.0.jar;C:\Users\Admin\.m2\repository\org\seleniumhq\selenium\selenium-http\4.15.0\selenium-http-4.15.0.jar;C:\Users\Admin\.m2\repository\dev\failsafe\failsafe\3.3.2\failsafe-3.3.2.jar;C:\Users\Admin\.m2\repository\org\seleniumhq\selenium\selenium-ie-driver\4.15.0\selenium-ie-driver-4.15.0.jar;C:\Users\Admin\.m2\repository\org\seleniumhq\selenium\selenium-remote-driver\4.15.0\selenium-remote-driver-4.15.0.jar;C:\Users\Admin\.m2\repository\com
Launcher Type: SUN_STANDARD

[Global flags]
     intx CICompilerCount                          = 4                                         {product} {ergonomic}
     uint ConcGCThreads                            = 2                                         {product} {ergonomic}
     uint G1ConcRefinementThreads                  = 8                                         {product} {ergonomic}
   size_t G1HeapRegionSize                         = 1048576                                   {product} {ergonomic}
    uintx GCDrainStackTargetSize                   = 64                                        {product} {ergonomic}
   size_t InitialHeapSize                          = 100663296                                 {product} {ergonomic}
   size_t MarkStackSize                            = 4194304                                   {product} {ergonomic}
   size_t MaxHeapSize                              = 1595932672                                {product} {ergonomic}
   size_t MaxNewSize                               = 957349888                                 {product} {ergonomic}
   size_t MinHeapDeltaBytes                        = 1048576                                   {product} {ergonomic}
   size_t MinHeapSize                              = 8388608                                   {product} {ergonomic}
    uintx NonNMethodCodeHeapSize                   = 5839372                                {pd product} {ergonomic}
    uintx NonProfiledCodeHeapSize                  = 122909434                              {pd product} {ergonomic}
    uintx ProfiledCodeHeapSize                     = 122909434                              {pd product} {ergonomic}
    uintx ReservedCodeCacheSize                    = 251658240                              {pd product} {ergonomic}
     bool SegmentedCodeCache                       = true                                      {product} {ergonomic}
     bool ShowCodeDetailsInExceptionMessages       = true                                   {manageable} {command line}
   size_t SoftMaxHeapSize                          = 1595932672                             {manageable} {ergonomic}
     bool UseCompressedClassPointers               = true                           {product lp64_product} {ergonomic}
     bool UseCompressedOops                        = true                           {product lp64_product} {ergonomic}
     bool UseG1GC                                  = true                                      {product} {ergonomic}
     bool UseLargePagesIndividualAllocation        = false                                  {pd product} {ergonomic}

Logging:
Log output configuration:
 #0: stdout all=warning uptime,level,tags
 #1: stderr all=off uptime,level,tags

Environment Variables:
JAVA_HOME=C:\Program Files\Java\jdk-17
PATH=C:/Program Files/Eclipse Adoptium/jdk-17.0.5.8-hotspot/bin/server;C:/Program Files/Eclipse Adoptium/jdk-17.0.5.8-hotspot/bin;C:\Program Files\Eclipse Adoptium\jdk-17.0.5.8-hotspot\bin;C:\oraclexe\app\oracle\product\11.2.0\server\bin;C:\Program Files\Python39\Scripts\;C:\Program Files\Python39\;C:\Program Files\Common Files\Oracle\Java\javapath;C:\Program Files (x86)\Common Files\Oracle\Java\javapath;C:\Windows\system32;C:\Windows;C:\Windows\System32\Wbem;C:\Windows\System32\WindowsPowerShell\v1.0\;C:\Windows\System32\OpenSSH\;C:\Program Files (x86)\NVIDIA Corporation\PhysX\Common;C:\Program Files\NVIDIA Corporation\NVIDIA NvDLISR;C:\Windows\IsmFiles;C:\Program Files\Java\jdk-11.0.10\bin;C:\MinGW\bin;C:\WINDOWS\system32;C:\WINDOWS;C:\WINDOWS\System32\Wbem;C:\WINDOWS\System32\WindowsPowerShell\v1.0\;C:\WINDOWS\System32\OpenSSH\;C:\Program Files\nodejs\;C:\Xampp\php;C:\Program Files\Apache Software Foundation\Tomcat 11.0\bin;C:\Program Files\Java\apache-maven-3.9.6\bin;D:\python sama\Scripts\;D:\python sama\;C:\Users\Admin\AppData\Local\Microsoft\WindowsApps;C:\Program Files\JetBrains\PyCharm Community Edition 2020.3.3\bin;C:\Program Files (x86)\mingw-w64\i686-8.1.0-posix-dwarf-rt_v6-rev0\mingw32\bin;C:\Users\Admin\AppData\Local\atom\bin;C:\Users\Admin\AppData\Local\GitHubDesktop\bin;C:\Users\Admin\AppData\Local\Microsoft\WindowsApps;C:\Users\Admin\AppData\Roaming\npm;C:\Users\Admin\AppData\Local\Programs\Microsoft VS Code\bin;C:\Program Files\Java\apache-maven-3.9.6\bin;;C:\WINDOWS\System32;
USERNAME=Admin
OS=Windows_NT
PROCESSOR_IDENTIFIER=AMD64 Family 23 Model 24 Stepping 1, AuthenticAMD
TMP=C:\Users\Admin\AppData\Local\Temp
TEMP=C:\Users\Admin\AppData\Local\Temp



---------------  S Y S T E M  ---------------

OS:
 Windows 11 , 64 bit Build 22621 (10.0.22621.2506)
OS uptime: 24 days 14:47 hours

CPU: total 8 (initial active 8) (8 cores per cpu, 2 threads per core) family 23 model 24 stepping 1 microcode 0x0, cx8, cmov, fxsr, ht, mmx, 3dnowpref, sse, sse2, sse3, ssse3, sse4a, sse4.1, sse4.2, popcnt, lzcnt, tsc, tscinvbit, avx, avx2, aes, clmul, bmi1, bmi2, adx, sha, fma, vzeroupper, clflush, clflushopt

Memory: 4k page, system-wide physical 6081M (280M free)
TotalPageFile size 24513M (AvailPageFile size 4M)
current process WorkingSet (physical memory assigned to process): 98M, peak: 98M
current process commit charge ("private bytes"): 208M, peak: 210M

vm_info: OpenJDK 64-Bit Server VM (17.0.5+8) for windows-amd64 JRE (17.0.5+8), built on Oct 19 2022 04:48:13 by "temurin" with MS VC++ 16.7 (VS2019)

END.
