#
# There is insufficient memory for the Java Runtime Environment to continue.
# Native memory allocation (malloc) failed to allocate 32784 bytes for Chunk::new
# Possible reasons:
#   The system is out of physical RAM or swap space
#   The process is running with CompressedOops enabled, and the Java Heap may be blocking the growth of the native heap
# Possible solutions:
#   Reduce memory load on the system
#   Increase physical memory or swap space
#   Check if swap backing store is full
#   Decrease Java heap size (-Xmx/-Xms)
#   Decrease number of Java threads
#   Decrease Java thread stack sizes (-Xss)
#   Set larger code cache with -XX:ReservedCodeCacheSize=
#   JVM is running with Unscaled Compressed Oops mode in which the Java heap is
#     placed in the first 4GB address space. The Java Heap base address is the
#     maximum limit for the native heap growth. Please use -XX:HeapBaseMinAddress
#     to set the Java Heap base and to place the Java Heap above 4GB virtual address.
# This output file may be truncated or incomplete.
#
#  Out of Memory Error (arena.cpp:189), pid=28660, tid=29576
#
# JRE version: OpenJDK Runtime Environment Temurin-17.0.5+8 (17.0.5+8) (build 17.0.5+8)
# Java VM: OpenJDK 64-Bit Server VM Temurin-17.0.5+8 (17.0.5+8, mixed mode, sharing, tiered, compressed oops, compressed class ptrs, g1 gc, windows-amd64)
# No core dump will be written. Minidumps are not enabled by default on client versions of Windows
#

---------------  S U M M A R Y ------------

Command Line: -Dfile.encoding=UTF-8 -XX:+ShowCodeDetailsInExceptionMessages Axis.BCGSolutions.PracticeProject.DropDown

Host: AMD Ryzen 5 3550H with Radeon Vega Mobile Gfx  , 8 cores, 5G,  Windows 11 , 64 bit Build 22621 (10.0.22621.3085)
Time: Sat Feb 24 16:26:25 2024 India Standard Time elapsed time: 1.325947 seconds (0d 0h 0m 1s)

---------------  T H R E A D  ---------------

Current thread (0x000001acc0853a10):  JavaThread "C2 CompilerThread0" daemon [_thread_in_native, id=29576, stack(0x0000002514500000,0x0000002514600000)]


Current CompileTask:
C2:   1326 1572       4       java.lang.String::replace (42 bytes)

Stack: [0x0000002514500000,0x0000002514600000]
Native frames: (J=compiled Java code, j=interpreted, Vv=VM code, C=native code)
V  [jvm.dll+0x676b3a]
V  [jvm.dll+0x831444]
V  [jvm.dll+0x832bee]
V  [jvm.dll+0x833253]
V  [jvm.dll+0x244ce5]
V  [jvm.dll+0xabbac]
V  [jvm.dll+0xac17c]
V  [jvm.dll+0xabcbb]
V  [jvm.dll+0x653f8c]
V  [jvm.dll+0x602937]
V  [jvm.dll+0x60827b]
V  [jvm.dll+0x609042]
V  [jvm.dll+0x6075a4]
V  [jvm.dll+0x2179c8]
V  [jvm.dll+0x216f71]
V  [jvm.dll+0x1a343d]
V  [jvm.dll+0x22698a]
V  [jvm.dll+0x224ac5]
V  [jvm.dll+0x7e727b]
V  [jvm.dll+0x7e17ea]
V  [jvm.dll+0x6759e5]
C  [ucrtbase.dll+0x29363]
C  [KERNEL32.DLL+0x1257d]
C  [ntdll.dll+0x5aa58]


---------------  P R O C E S S  ---------------

Threads class SMR info:
_java_thread_list=0x000001acc20ba9c0, length=22, elements={
0x000001aca37a57a0, 0x000001acc0831be0, 0x000001acc0832a50, 0x000001acc0844dc0,
0x000001acc0845970, 0x000001acc0848430, 0x000001acc08491f0, 0x000001acc0853a10,
0x000001acc085d680, 0x000001acc0870840, 0x000001acc14c1a70, 0x000001acc14d1b60,
0x000001acc1f93e80, 0x000001acc2215070, 0x000001acc2175510, 0x000001acc2174070,
0x000001acc2174540, 0x000001acc2126430, 0x000001acc2126d00, 0x000001acc2c0ac40,
0x000001acc2c0a770, 0x000001acc2c0b110
}

Java Threads: ( => current thread )
  0x000001aca37a57a0 JavaThread "Forwarding newSession on session null to remote" [_thread_in_vm, id=28340, stack(0x0000002513800000,0x0000002513900000)]
  0x000001acc0831be0 JavaThread "Reference Handler" daemon [_thread_blocked, id=30296, stack(0x0000002513f00000,0x0000002514000000)]
  0x000001acc0832a50 JavaThread "Finalizer" daemon [_thread_blocked, id=28248, stack(0x0000002514000000,0x0000002514100000)]
  0x000001acc0844dc0 JavaThread "Signal Dispatcher" daemon [_thread_blocked, id=30124, stack(0x0000002514100000,0x0000002514200000)]
  0x000001acc0845970 JavaThread "Attach Listener" daemon [_thread_blocked, id=30128, stack(0x0000002514200000,0x0000002514300000)]
  0x000001acc0848430 JavaThread "Service Thread" daemon [_thread_blocked, id=29924, stack(0x0000002514300000,0x0000002514400000)]
  0x000001acc08491f0 JavaThread "Monitor Deflation Thread" daemon [_thread_blocked, id=26812, stack(0x0000002514400000,0x0000002514500000)]
=>0x000001acc0853a10 JavaThread "C2 CompilerThread0" daemon [_thread_in_native, id=29576, stack(0x0000002514500000,0x0000002514600000)]
  0x000001acc085d680 JavaThread "C1 CompilerThread0" daemon [_thread_blocked, id=30272, stack(0x0000002514600000,0x0000002514700000)]
  0x000001acc0870840 JavaThread "Sweeper thread" daemon [_thread_blocked, id=30320, stack(0x0000002514700000,0x0000002514800000)]
  0x000001acc14c1a70 JavaThread "Notification Thread" daemon [_thread_blocked, id=30324, stack(0x0000002514800000,0x0000002514900000)]
  0x000001acc14d1b60 JavaThread "Common-Cleaner" daemon [_thread_blocked, id=30332, stack(0x0000002514a00000,0x0000002514b00000)]
  0x000001acc1f93e80 JavaThread "ForkJoinPool.commonPool-worker-1" daemon [_thread_blocked, id=30292, stack(0x0000002514b00000,0x0000002514c00000)]
  0x000001acc2215070 JavaThread "HttpClient-1-SelectorManager" daemon [_thread_in_native, id=30188, stack(0x0000002514c00000,0x0000002514d00000)]
  0x000001acc2175510 JavaThread "Thread-0" [_thread_in_native, id=30168, stack(0x0000002514d00000,0x0000002514e00000)]
  0x000001acc2174070 JavaThread "Driver Service Executor" daemon [_thread_blocked, id=30212, stack(0x0000002514e00000,0x0000002514f00000)]
  0x000001acc2174540 JavaThread "Driver Service Executor" daemon [_thread_in_native, id=30220, stack(0x0000002514f00000,0x0000002515000000)]
  0x000001acc2126430 JavaThread "UrlChecker-2" daemon [_thread_blocked, id=30228, stack(0x0000002515000000,0x0000002515100000)]
  0x000001acc2126d00 JavaThread "Keep-Alive-Timer" daemon [_thread_blocked, id=30336, stack(0x0000002515200000,0x0000002515300000)]
  0x000001acc2c0ac40 JavaThread "pool-1-thread-1" [_thread_blocked, id=30468, stack(0x0000002515c00000,0x0000002515d00000)]
  0x000001acc2c0a770 JavaThread "pool-1-thread-2" [_thread_blocked, id=30500, stack(0x0000002515d00000,0x0000002515e00000)]
  0x000001acc2c0b110 JavaThread "pool-1-thread-3" [_thread_blocked, id=30504, stack(0x0000002515e00000,0x0000002515f00000)]

Other Threads:
  0x000001acc082dfe0 VMThread "VM Thread" [stack: 0x0000002513e00000,0x0000002513f00000] [id=30232]
  0x000001aca3810b90 WatcherThread [stack: 0x0000002514900000,0x0000002514a00000] [id=30328]
  0x000001aca37f3530 GCTaskThread "GC Thread#0" [stack: 0x0000002513900000,0x0000002513a00000] [id=30108]
  0x000001acc22678e0 GCTaskThread "GC Thread#1" [stack: 0x0000002515300000,0x0000002515400000] [id=28608]
  0x000001acc2267b90 GCTaskThread "GC Thread#2" [stack: 0x0000002515400000,0x0000002515500000] [id=28620]
  0x000001acc2194c10 GCTaskThread "GC Thread#3" [stack: 0x0000002515500000,0x0000002515600000] [id=23704]
  0x000001acc21e0fa0 GCTaskThread "GC Thread#4" [stack: 0x0000002515600000,0x0000002515700000] [id=30392]
  0x000001acc21e1250 GCTaskThread "GC Thread#5" [stack: 0x0000002515700000,0x0000002515800000] [id=30572]
  0x000001acc21e1500 GCTaskThread "GC Thread#6" [stack: 0x0000002515800000,0x0000002515900000] [id=3172]
  0x000001acc21e3fd0 GCTaskThread "GC Thread#7" [stack: 0x0000002515900000,0x0000002515a00000] [id=27984]
  0x000001aca3800a50 ConcurrentGCThread "G1 Main Marker" [stack: 0x0000002513a00000,0x0000002513b00000] [id=30120]
  0x000001aca3801460 ConcurrentGCThread "G1 Conc#0" [stack: 0x0000002513b00000,0x0000002513c00000] [id=30084]
  0x000001aca38584e0 ConcurrentGCThread "G1 Refine#0" [stack: 0x0000002513c00000,0x0000002513d00000] [id=30264]
  0x000001acc2194ec0 ConcurrentGCThread "G1 Refine#1" [stack: 0x0000002515a00000,0x0000002515b00000] [id=10892]
  0x000001acc21951a0 ConcurrentGCThread "G1 Refine#2" [stack: 0x0000002515b00000,0x0000002515c00000] [id=19308]
  0x000001aca3858f00 ConcurrentGCThread "G1 Service" [stack: 0x0000002513d00000,0x0000002513e00000] [id=30144]

Threads with active compile tasks:
C2 CompilerThread0     1355 1572       4       java.lang.String::replace (42 bytes)

VM state: not at safepoint (normal execution)

VM Mutex/Monitor currently owned by a thread: None

Heap address: 0x00000000a0e00000, size: 1522 MB, Compressed Oops mode: 32-bit

CDS archive(s) mapped at: [0x0000000800000000-0x0000000800bc0000-0x0000000800bc0000), size 12320768, SharedBaseAddress: 0x0000000800000000, ArchiveRelocationMode: 0.
Compressed class space mapped at: 0x0000000800c00000-0x0000000840c00000, reserved size: 1073741824
Narrow klass base: 0x0000000800000000, Narrow klass shift: 0, Narrow klass range: 0x100000000

GC Precious Log:
 CPUs: 8 total, 8 available
 Memory: 6081M
 Large Page Support: Disabled
 NUMA Support: Disabled
 Compressed Oops: Enabled (32-bit)
 Heap Region Size: 1M
 Heap Min Capacity: 8M
 Heap Initial Capacity: 96M
 Heap Max Capacity: 1522M
 Pre-touch: Disabled
 Parallel Workers: 8
 Concurrent Workers: 2
 Concurrent Refinement Workers: 8
 Periodic GC: Disabled

Heap:
 garbage-first heap   total 98304K, used 12784K [0x00000000a0e00000, 0x0000000100000000)
  region size 1024K, 11 young (11264K), 3 survivors (3072K)
 Metaspace       used 11258K, committed 11520K, reserved 1064960K
  class space    used 1361K, committed 1472K, reserved 1048576K

Heap Regions: E=young(eden), S=young(survivor), O=old, HS=humongous(starts), HC=humongous(continues), CS=collection set, F=free, OA=open archive, CA=closed archive, TAMS=top-at-mark-start (previous, next)
|   0|0x00000000a0e00000, 0x00000000a0f00000, 0x00000000a0f00000|100%| O|  |TAMS 0x00000000a0e00000, 0x00000000a0e00000| Untracked 
|   1|0x00000000a0f00000, 0x00000000a1000000, 0x00000000a1000000|100%| O|  |TAMS 0x00000000a0f00000, 0x00000000a0f00000| Untracked 
|   2|0x00000000a1000000, 0x00000000a107c000, 0x00000000a1100000| 48%| O|  |TAMS 0x00000000a1000000, 0x00000000a1000000| Untracked 
|   3|0x00000000a1100000, 0x00000000a1100000, 0x00000000a1200000|  0%| F|  |TAMS 0x00000000a1100000, 0x00000000a1100000| Untracked 
|   4|0x00000000a1200000, 0x00000000a1200000, 0x00000000a1300000|  0%| F|  |TAMS 0x00000000a1200000, 0x00000000a1200000| Untracked 
|   5|0x00000000a1300000, 0x00000000a1300000, 0x00000000a1400000|  0%| F|  |TAMS 0x00000000a1300000, 0x00000000a1300000| Untracked 
|   6|0x00000000a1400000, 0x00000000a1400000, 0x00000000a1500000|  0%| F|  |TAMS 0x00000000a1400000, 0x00000000a1400000| Untracked 
|   7|0x00000000a1500000, 0x00000000a1500000, 0x00000000a1600000|  0%| F|  |TAMS 0x00000000a1500000, 0x00000000a1500000| Untracked 
|   8|0x00000000a1600000, 0x00000000a1600000, 0x00000000a1700000|  0%| F|  |TAMS 0x00000000a1600000, 0x00000000a1600000| Untracked 
|   9|0x00000000a1700000, 0x00000000a1700000, 0x00000000a1800000|  0%| F|  |TAMS 0x00000000a1700000, 0x00000000a1700000| Untracked 
|  10|0x00000000a1800000, 0x00000000a1800000, 0x00000000a1900000|  0%| F|  |TAMS 0x00000000a1800000, 0x00000000a1800000| Untracked 
|  11|0x00000000a1900000, 0x00000000a1900000, 0x00000000a1a00000|  0%| F|  |TAMS 0x00000000a1900000, 0x00000000a1900000| Untracked 
|  12|0x00000000a1a00000, 0x00000000a1a00000, 0x00000000a1b00000|  0%| F|  |TAMS 0x00000000a1a00000, 0x00000000a1a00000| Untracked 
|  13|0x00000000a1b00000, 0x00000000a1b00000, 0x00000000a1c00000|  0%| F|  |TAMS 0x00000000a1b00000, 0x00000000a1b00000| Untracked 
|  14|0x00000000a1c00000, 0x00000000a1c00000, 0x00000000a1d00000|  0%| F|  |TAMS 0x00000000a1c00000, 0x00000000a1c00000| Untracked 
|  15|0x00000000a1d00000, 0x00000000a1d00000, 0x00000000a1e00000|  0%| F|  |TAMS 0x00000000a1d00000, 0x00000000a1d00000| Untracked 
|  16|0x00000000a1e00000, 0x00000000a1e00000, 0x00000000a1f00000|  0%| F|  |TAMS 0x00000000a1e00000, 0x00000000a1e00000| Untracked 
|  17|0x00000000a1f00000, 0x00000000a1f00000, 0x00000000a2000000|  0%| F|  |TAMS 0x00000000a1f00000, 0x00000000a1f00000| Untracked 
|  18|0x00000000a2000000, 0x00000000a2000000, 0x00000000a2100000|  0%| F|  |TAMS 0x00000000a2000000, 0x00000000a2000000| Untracked 
|  19|0x00000000a2100000, 0x00000000a2100000, 0x00000000a2200000|  0%| F|  |TAMS 0x00000000a2100000, 0x00000000a2100000| Untracked 
|  20|0x00000000a2200000, 0x00000000a2200000, 0x00000000a2300000|  0%| F|  |TAMS 0x00000000a2200000, 0x00000000a2200000| Untracked 
|  21|0x00000000a2300000, 0x00000000a2300000, 0x00000000a2400000|  0%| F|  |TAMS 0x00000000a2300000, 0x00000000a2300000| Untracked 
|  22|0x00000000a2400000, 0x00000000a2400000, 0x00000000a2500000|  0%| F|  |TAMS 0x00000000a2400000, 0x00000000a2400000| Untracked 
|  23|0x00000000a2500000, 0x00000000a2500000, 0x00000000a2600000|  0%| F|  |TAMS 0x00000000a2500000, 0x00000000a2500000| Untracked 
|  24|0x00000000a2600000, 0x00000000a2600000, 0x00000000a2700000|  0%| F|  |TAMS 0x00000000a2600000, 0x00000000a2600000| Untracked 
|  25|0x00000000a2700000, 0x00000000a2700000, 0x00000000a2800000|  0%| F|  |TAMS 0x00000000a2700000, 0x00000000a2700000| Untracked 
|  26|0x00000000a2800000, 0x00000000a2800000, 0x00000000a2900000|  0%| F|  |TAMS 0x00000000a2800000, 0x00000000a2800000| Untracked 
|  27|0x00000000a2900000, 0x00000000a2900000, 0x00000000a2a00000|  0%| F|  |TAMS 0x00000000a2900000, 0x00000000a2900000| Untracked 
|  28|0x00000000a2a00000, 0x00000000a2a00000, 0x00000000a2b00000|  0%| F|  |TAMS 0x00000000a2a00000, 0x00000000a2a00000| Untracked 
|  29|0x00000000a2b00000, 0x00000000a2b00000, 0x00000000a2c00000|  0%| F|  |TAMS 0x00000000a2b00000, 0x00000000a2b00000| Untracked 
|  30|0x00000000a2c00000, 0x00000000a2c00000, 0x00000000a2d00000|  0%| F|  |TAMS 0x00000000a2c00000, 0x00000000a2c00000| Untracked 
|  31|0x00000000a2d00000, 0x00000000a2d00000, 0x00000000a2e00000|  0%| F|  |TAMS 0x00000000a2d00000, 0x00000000a2d00000| Untracked 
|  32|0x00000000a2e00000, 0x00000000a2e00000, 0x00000000a2f00000|  0%| F|  |TAMS 0x00000000a2e00000, 0x00000000a2e00000| Untracked 
|  33|0x00000000a2f00000, 0x00000000a2f00000, 0x00000000a3000000|  0%| F|  |TAMS 0x00000000a2f00000, 0x00000000a2f00000| Untracked 
|  34|0x00000000a3000000, 0x00000000a3000000, 0x00000000a3100000|  0%| F|  |TAMS 0x00000000a3000000, 0x00000000a3000000| Untracked 
|  35|0x00000000a3100000, 0x00000000a3100000, 0x00000000a3200000|  0%| F|  |TAMS 0x00000000a3100000, 0x00000000a3100000| Untracked 
|  36|0x00000000a3200000, 0x00000000a3200000, 0x00000000a3300000|  0%| F|  |TAMS 0x00000000a3200000, 0x00000000a3200000| Untracked 
|  37|0x00000000a3300000, 0x00000000a3300000, 0x00000000a3400000|  0%| F|  |TAMS 0x00000000a3300000, 0x00000000a3300000| Untracked 
|  38|0x00000000a3400000, 0x00000000a3400000, 0x00000000a3500000|  0%| F|  |TAMS 0x00000000a3400000, 0x00000000a3400000| Untracked 
|  39|0x00000000a3500000, 0x00000000a3500000, 0x00000000a3600000|  0%| F|  |TAMS 0x00000000a3500000, 0x00000000a3500000| Untracked 
|  40|0x00000000a3600000, 0x00000000a3600000, 0x00000000a3700000|  0%| F|  |TAMS 0x00000000a3600000, 0x00000000a3600000| Untracked 
|  41|0x00000000a3700000, 0x00000000a3700000, 0x00000000a3800000|  0%| F|  |TAMS 0x00000000a3700000, 0x00000000a3700000| Untracked 
|  42|0x00000000a3800000, 0x00000000a3800000, 0x00000000a3900000|  0%| F|  |TAMS 0x00000000a3800000, 0x00000000a3800000| Untracked 
|  43|0x00000000a3900000, 0x00000000a3900000, 0x00000000a3a00000|  0%| F|  |TAMS 0x00000000a3900000, 0x00000000a3900000| Untracked 
|  44|0x00000000a3a00000, 0x00000000a3a00000, 0x00000000a3b00000|  0%| F|  |TAMS 0x00000000a3a00000, 0x00000000a3a00000| Untracked 
|  45|0x00000000a3b00000, 0x00000000a3b00000, 0x00000000a3c00000|  0%| F|  |TAMS 0x00000000a3b00000, 0x00000000a3b00000| Untracked 
|  46|0x00000000a3c00000, 0x00000000a3c00000, 0x00000000a3d00000|  0%| F|  |TAMS 0x00000000a3c00000, 0x00000000a3c00000| Untracked 
|  47|0x00000000a3d00000, 0x00000000a3d00000, 0x00000000a3e00000|  0%| F|  |TAMS 0x00000000a3d00000, 0x00000000a3d00000| Untracked 
|  48|0x00000000a3e00000, 0x00000000a3e00000, 0x00000000a3f00000|  0%| F|  |TAMS 0x00000000a3e00000, 0x00000000a3e00000| Untracked 
|  49|0x00000000a3f00000, 0x00000000a3f00000, 0x00000000a4000000|  0%| F|  |TAMS 0x00000000a3f00000, 0x00000000a3f00000| Untracked 
|  50|0x00000000a4000000, 0x00000000a4000000, 0x00000000a4100000|  0%| F|  |TAMS 0x00000000a4000000, 0x00000000a4000000| Untracked 
|  51|0x00000000a4100000, 0x00000000a4100000, 0x00000000a4200000|  0%| F|  |TAMS 0x00000000a4100000, 0x00000000a4100000| Untracked 
|  52|0x00000000a4200000, 0x00000000a4200000, 0x00000000a4300000|  0%| F|  |TAMS 0x00000000a4200000, 0x00000000a4200000| Untracked 
|  53|0x00000000a4300000, 0x00000000a4300000, 0x00000000a4400000|  0%| F|  |TAMS 0x00000000a4300000, 0x00000000a4300000| Untracked 
|  54|0x00000000a4400000, 0x00000000a4400000, 0x00000000a4500000|  0%| F|  |TAMS 0x00000000a4400000, 0x00000000a4400000| Untracked 
|  55|0x00000000a4500000, 0x00000000a4500000, 0x00000000a4600000|  0%| F|  |TAMS 0x00000000a4500000, 0x00000000a4500000| Untracked 
|  56|0x00000000a4600000, 0x00000000a4600000, 0x00000000a4700000|  0%| F|  |TAMS 0x00000000a4600000, 0x00000000a4600000| Untracked 
|  57|0x00000000a4700000, 0x00000000a4700000, 0x00000000a4800000|  0%| F|  |TAMS 0x00000000a4700000, 0x00000000a4700000| Untracked 
|  58|0x00000000a4800000, 0x00000000a4800000, 0x00000000a4900000|  0%| F|  |TAMS 0x00000000a4800000, 0x00000000a4800000| Untracked 
|  59|0x00000000a4900000, 0x00000000a4900000, 0x00000000a4a00000|  0%| F|  |TAMS 0x00000000a4900000, 0x00000000a4900000| Untracked 
|  60|0x00000000a4a00000, 0x00000000a4a00000, 0x00000000a4b00000|  0%| F|  |TAMS 0x00000000a4a00000, 0x00000000a4a00000| Untracked 
|  61|0x00000000a4b00000, 0x00000000a4b00000, 0x00000000a4c00000|  0%| F|  |TAMS 0x00000000a4b00000, 0x00000000a4b00000| Untracked 
|  62|0x00000000a4c00000, 0x00000000a4c00000, 0x00000000a4d00000|  0%| F|  |TAMS 0x00000000a4c00000, 0x00000000a4c00000| Untracked 
|  63|0x00000000a4d00000, 0x00000000a4d00000, 0x00000000a4e00000|  0%| F|  |TAMS 0x00000000a4d00000, 0x00000000a4d00000| Untracked 
|  64|0x00000000a4e00000, 0x00000000a4e00000, 0x00000000a4f00000|  0%| F|  |TAMS 0x00000000a4e00000, 0x00000000a4e00000| Untracked 
|  65|0x00000000a4f00000, 0x00000000a4f00000, 0x00000000a5000000|  0%| F|  |TAMS 0x00000000a4f00000, 0x00000000a4f00000| Untracked 
|  66|0x00000000a5000000, 0x00000000a5000000, 0x00000000a5100000|  0%| F|  |TAMS 0x00000000a5000000, 0x00000000a5000000| Untracked 
|  67|0x00000000a5100000, 0x00000000a5100000, 0x00000000a5200000|  0%| F|  |TAMS 0x00000000a5100000, 0x00000000a5100000| Untracked 
|  68|0x00000000a5200000, 0x00000000a5200000, 0x00000000a5300000|  0%| F|  |TAMS 0x00000000a5200000, 0x00000000a5200000| Untracked 
|  69|0x00000000a5300000, 0x00000000a5300000, 0x00000000a5400000|  0%| F|  |TAMS 0x00000000a5300000, 0x00000000a5300000| Untracked 
|  70|0x00000000a5400000, 0x00000000a5500000, 0x00000000a5500000|100%| S|CS|TAMS 0x00000000a5400000, 0x00000000a5400000| Complete 
|  71|0x00000000a5500000, 0x00000000a5600000, 0x00000000a5600000|100%| S|CS|TAMS 0x00000000a5500000, 0x00000000a5500000| Complete 
|  72|0x00000000a5600000, 0x00000000a5700000, 0x00000000a5700000|100%| S|CS|TAMS 0x00000000a5600000, 0x00000000a5600000| Complete 
|  73|0x00000000a5700000, 0x00000000a5700000, 0x00000000a5800000|  0%| F|  |TAMS 0x00000000a5700000, 0x00000000a5700000| Untracked 
|  74|0x00000000a5800000, 0x00000000a5800000, 0x00000000a5900000|  0%| F|  |TAMS 0x00000000a5800000, 0x00000000a5800000| Untracked 
|  75|0x00000000a5900000, 0x00000000a5900000, 0x00000000a5a00000|  0%| F|  |TAMS 0x00000000a5900000, 0x00000000a5900000| Untracked 
|  76|0x00000000a5a00000, 0x00000000a5a00000, 0x00000000a5b00000|  0%| F|  |TAMS 0x00000000a5a00000, 0x00000000a5a00000| Untracked 
|  77|0x00000000a5b00000, 0x00000000a5b00000, 0x00000000a5c00000|  0%| F|  |TAMS 0x00000000a5b00000, 0x00000000a5b00000| Untracked 
|  78|0x00000000a5c00000, 0x00000000a5c00000, 0x00000000a5d00000|  0%| F|  |TAMS 0x00000000a5c00000, 0x00000000a5c00000| Untracked 
|  79|0x00000000a5d00000, 0x00000000a5d00000, 0x00000000a5e00000|  0%| F|  |TAMS 0x00000000a5d00000, 0x00000000a5d00000| Untracked 
|  80|0x00000000a5e00000, 0x00000000a5e00000, 0x00000000a5f00000|  0%| F|  |TAMS 0x00000000a5e00000, 0x00000000a5e00000| Untracked 
|  81|0x00000000a5f00000, 0x00000000a5f00000, 0x00000000a6000000|  0%| F|  |TAMS 0x00000000a5f00000, 0x00000000a5f00000| Untracked 
|  82|0x00000000a6000000, 0x00000000a6000000, 0x00000000a6100000|  0%| F|  |TAMS 0x00000000a6000000, 0x00000000a6000000| Untracked 
|  83|0x00000000a6100000, 0x00000000a6100000, 0x00000000a6200000|  0%| F|  |TAMS 0x00000000a6100000, 0x00000000a6100000| Untracked 
|  84|0x00000000a6200000, 0x00000000a6200000, 0x00000000a6300000|  0%| F|  |TAMS 0x00000000a6200000, 0x00000000a6200000| Untracked 
|  85|0x00000000a6300000, 0x00000000a6300000, 0x00000000a6400000|  0%| F|  |TAMS 0x00000000a6300000, 0x00000000a6300000| Untracked 
|  86|0x00000000a6400000, 0x00000000a6400000, 0x00000000a6500000|  0%| F|  |TAMS 0x00000000a6400000, 0x00000000a6400000| Untracked 
|  87|0x00000000a6500000, 0x00000000a6500000, 0x00000000a6600000|  0%| F|  |TAMS 0x00000000a6500000, 0x00000000a6500000| Untracked 
|  88|0x00000000a6600000, 0x00000000a66d3d50, 0x00000000a6700000| 82%| E|  |TAMS 0x00000000a6600000, 0x00000000a6600000| Complete 
|  89|0x00000000a6700000, 0x00000000a6800000, 0x00000000a6800000|100%| E|CS|TAMS 0x00000000a6700000, 0x00000000a6700000| Complete 
|  90|0x00000000a6800000, 0x00000000a6900000, 0x00000000a6900000|100%| E|CS|TAMS 0x00000000a6800000, 0x00000000a6800000| Complete 
|  91|0x00000000a6900000, 0x00000000a6a00000, 0x00000000a6a00000|100%| E|CS|TAMS 0x00000000a6900000, 0x00000000a6900000| Complete 
|  92|0x00000000a6a00000, 0x00000000a6b00000, 0x00000000a6b00000|100%| E|CS|TAMS 0x00000000a6a00000, 0x00000000a6a00000| Complete 
|  93|0x00000000a6b00000, 0x00000000a6c00000, 0x00000000a6c00000|100%| E|CS|TAMS 0x00000000a6b00000, 0x00000000a6b00000| Complete 
|  94|0x00000000a6c00000, 0x00000000a6d00000, 0x00000000a6d00000|100%| E|CS|TAMS 0x00000000a6c00000, 0x00000000a6c00000| Complete 
|  95|0x00000000a6d00000, 0x00000000a6e00000, 0x00000000a6e00000|100%| E|CS|TAMS 0x00000000a6d00000, 0x00000000a6d00000| Complete 

Card table byte_map: [0x000001acba8b0000,0x000001acbabb0000] _byte_map_base: 0x000001acba3a9000

Marking Bits (Prev, Next): (CMBitMap*) 0x000001aca37f3b40, (CMBitMap*) 0x000001aca37f3b80
 Prev Bits: [0x000001acbaeb0000, 0x000001acbc678000)
 Next Bits: [0x000001acbc680000, 0x000001acbde48000)

Polling page: 0x000001aca1760000

Metaspace:

Usage:
  Non-class:      9.70 MB used.
      Class:      1.33 MB used.
       Both:     11.03 MB used.

Virtual space:
  Non-class space:       16.00 MB reserved,       9.88 MB ( 62%) committed,  2 nodes.
      Class space:        1.00 GB reserved,       1.44 MB ( <1%) committed,  1 nodes.
             Both:        1.02 GB reserved,      11.31 MB (  1%) committed. 

Chunk freelists:
   Non-Class:  1.53 MB
       Class:  2.59 MB
        Both:  4.12 MB

MaxMetaspaceSize: unlimited
CompressedClassSpaceSize: 1.00 GB
Initial GC threshold: 21.00 MB
Current GC threshold: 21.00 MB
CDS: on
MetaspaceReclaimPolicy: balanced
 - commit_granule_bytes: 65536.
 - commit_granule_words: 8192.
 - virtual_space_node_default_size: 1048576.
 - enlarge_chunks_in_place: 1.
 - new_chunks_are_fully_committed: 0.
 - uncommit_free_chunks: 1.
 - use_allocation_guard: 0.
 - handle_deallocations: 1.


Internal statistics:

num_allocs_failed_limit: 0.
num_arena_births: 200.
num_arena_deaths: 0.
num_vsnodes_births: 3.
num_vsnodes_deaths: 0.
num_space_committed: 181.
num_space_uncommitted: 0.
num_chunks_returned_to_freelist: 0.
num_chunks_taken_from_freelist: 441.
num_chunk_merges: 0.
num_chunk_splits: 276.
num_chunks_enlarged: 187.
num_purges: 0.
num_inconsistent_stats: 0.

CodeHeap 'non-profiled nmethods': size=120000Kb used=526Kb max_used=526Kb free=119473Kb
 bounds [0x000001acb2d50000, 0x000001acb2fc0000, 0x000001acba280000]
CodeHeap 'profiled nmethods': size=120000Kb used=3010Kb max_used=3010Kb free=116989Kb
 bounds [0x000001acab820000, 0x000001acabb20000, 0x000001acb2d50000]
CodeHeap 'non-nmethods': size=5760Kb used=1194Kb max_used=1212Kb free=4565Kb
 bounds [0x000001acab280000, 0x000001acab4f0000, 0x000001acab820000]
 total_blobs=2087 nmethods=1594 adapters=406
 compilation: enabled
              stopped_count=0, restarted_count=0
 full_count=0

Compilation events (20 events):
Event: 1.303 Thread 0x000001acc085d680 nmethod 1567 0x000001acabafb910 code [0x000001acabafbb80, 0x000001acabafc518]
Event: 1.303 Thread 0x000001acc085d680 1563       3       java.lang.invoke.MethodHandleNatives::staticArgumentsPulled (5 bytes)
Event: 1.303 Thread 0x000001acc085d680 nmethod 1563 0x000001acabafc810 code [0x000001acabafc9a0, 0x000001acabafcb98]
Event: 1.303 Thread 0x000001acc085d680 1564       3       java.lang.invoke.ConstantCallSite::<init> (17 bytes)
Event: 1.303 Thread 0x000001acc085d680 nmethod 1564 0x000001acabafcc10 code [0x000001acabafce00, 0x000001acabafd3e8]
Event: 1.303 Thread 0x000001acc085d680 1565       3       java.lang.invoke.CallSite::<init> (23 bytes)
Event: 1.304 Thread 0x000001acc085d680 nmethod 1565 0x000001acabafd610 code [0x000001acabafd7e0, 0x000001acabafdce8]
Event: 1.304 Thread 0x000001acc085d680 1566       3       java.lang.invoke.MethodHandleNatives$CallSiteContext::make (19 bytes)
Event: 1.304 Thread 0x000001acc085d680 nmethod 1566 0x000001acabafdf10 code [0x000001acabafe0c0, 0x000001acabafe368]
Event: 1.317 Thread 0x000001acc085d680 1568       3       java.lang.ThreadLocal::getMap (5 bytes)
Event: 1.317 Thread 0x000001acc085d680 nmethod 1568 0x000001acabafe490 code [0x000001acabafe620, 0x000001acabafe738]
Event: 1.317 Thread 0x000001acc085d680 1569       3       java.nio.ByteBuffer::<init> (47 bytes)
Event: 1.317 Thread 0x000001acc085d680 nmethod 1569 0x000001acabafe810 code [0x000001acabafe9c0, 0x000001acabafebe8]
Event: 1.317 Thread 0x000001acc085d680 1570       1       jdk.internal.net.http.common.DebugLogger::on (5 bytes)
Event: 1.317 Thread 0x000001acc085d680 nmethod 1570 0x000001acb2dd0290 code [0x000001acb2dd0420, 0x000001acb2dd04f8]
Event: 1.317 Thread 0x000001acc085d680 1571       1       java.util.concurrent.locks.AbstractQueuedSynchronizer::setState (6 bytes)
Event: 1.317 Thread 0x000001acc0853a10 1572       4       java.lang.String::replace (42 bytes)
Event: 1.317 Thread 0x000001acc085d680 nmethod 1571 0x000001acb2dd0590 code [0x000001acb2dd0720, 0x000001acb2dd07f8]
Event: 1.318 Thread 0x000001acc085d680 1573       3       java.util.ImmutableCollections$AbstractImmutableList::<init> (5 bytes)
Event: 1.319 Thread 0x000001acc085d680 nmethod 1573 0x000001acabafed10 code [0x000001acabafeec0, 0x000001acabaff0f8]

GC Heap History (2 events):
Event: 0.991 GC heap before
{Heap before GC invocations=0 (full 0):
 garbage-first heap   total 98304K, used 22528K [0x00000000a0e00000, 0x0000000100000000)
  region size 1024K, 23 young (23552K), 0 survivors (0K)
 Metaspace       used 8744K, committed 9024K, reserved 1056768K
  class space    used 1021K, committed 1152K, reserved 1048576K
}
Event: 0.999 GC heap after
{Heap after GC invocations=1 (full 0):
 garbage-first heap   total 98304K, used 5616K [0x00000000a0e00000, 0x0000000100000000)
  region size 1024K, 3 young (3072K), 3 survivors (3072K)
 Metaspace       used 8744K, committed 9024K, reserved 1056768K
  class space    used 1021K, committed 1152K, reserved 1048576K
}

Dll operation events (7 events):
Event: 0.011 Loaded shared library C:\Program Files\Eclipse Adoptium\jdk-17.0.5.8-hotspot\bin\java.dll
Event: 0.023 Loaded shared library C:\Program Files\Eclipse Adoptium\jdk-17.0.5.8-hotspot\bin\jsvml.dll
Event: 0.112 Loaded shared library C:\Program Files\Eclipse Adoptium\jdk-17.0.5.8-hotspot\bin\net.dll
Event: 0.113 Loaded shared library C:\Program Files\Eclipse Adoptium\jdk-17.0.5.8-hotspot\bin\nio.dll
Event: 0.117 Loaded shared library C:\Program Files\Eclipse Adoptium\jdk-17.0.5.8-hotspot\bin\zip.dll
Event: 0.198 Loaded shared library C:\Program Files\Eclipse Adoptium\jdk-17.0.5.8-hotspot\bin\jimage.dll
Event: 0.648 Loaded shared library C:\Program Files\Eclipse Adoptium\jdk-17.0.5.8-hotspot\bin\sunmscapi.dll

Deoptimization events (20 events):
Event: 1.236 Thread 0x000001acc2c0ac40 Uncommon trap: trap_request=0xffffffde fr.pc=0x000001acb2dcc5ac relative=0x000000000000010c
Event: 1.236 Thread 0x000001acc2c0ac40 Uncommon trap: reason=class_check action=maybe_recompile pc=0x000001acb2dcc5ac method=jdk.internal.misc.Unsafe.allocateUninitializedArray(Ljava/lang/Class;I)Ljava/lang/Object; @ 51 c2
Event: 1.236 Thread 0x000001acc2c0ac40 DEOPT PACKING pc=0x000001acb2dcc5ac sp=0x0000002515cfa5e0
Event: 1.236 Thread 0x000001acc2c0ac40 DEOPT UNPACKING pc=0x000001acab2d23a3 sp=0x0000002515cfa568 mode 2
Event: 1.236 Thread 0x000001acc2c0ac40 Uncommon trap: trap_request=0xffffffde fr.pc=0x000001acb2dcc5ac relative=0x000000000000010c
Event: 1.236 Thread 0x000001acc2c0ac40 Uncommon trap: reason=class_check action=maybe_recompile pc=0x000001acb2dcc5ac method=jdk.internal.misc.Unsafe.allocateUninitializedArray(Ljava/lang/Class;I)Ljava/lang/Object; @ 51 c2
Event: 1.236 Thread 0x000001acc2c0ac40 DEOPT PACKING pc=0x000001acb2dcc5ac sp=0x0000002515cfa5a0
Event: 1.236 Thread 0x000001acc2c0ac40 DEOPT UNPACKING pc=0x000001acab2d23a3 sp=0x0000002515cfa528 mode 2
Event: 1.237 Thread 0x000001acc2c0ac40 Uncommon trap: trap_request=0xffffffde fr.pc=0x000001acb2dcc5ac relative=0x000000000000010c
Event: 1.237 Thread 0x000001acc2c0ac40 Uncommon trap: reason=class_check action=maybe_recompile pc=0x000001acb2dcc5ac method=jdk.internal.misc.Unsafe.allocateUninitializedArray(Ljava/lang/Class;I)Ljava/lang/Object; @ 51 c2
Event: 1.237 Thread 0x000001acc2c0ac40 DEOPT PACKING pc=0x000001acb2dcc5ac sp=0x0000002515cfa5e0
Event: 1.237 Thread 0x000001acc2c0ac40 DEOPT UNPACKING pc=0x000001acab2d23a3 sp=0x0000002515cfa568 mode 2
Event: 1.237 Thread 0x000001acc2c0ac40 Uncommon trap: trap_request=0xffffffde fr.pc=0x000001acb2dcc5ac relative=0x000000000000010c
Event: 1.237 Thread 0x000001acc2c0ac40 Uncommon trap: reason=class_check action=maybe_recompile pc=0x000001acb2dcc5ac method=jdk.internal.misc.Unsafe.allocateUninitializedArray(Ljava/lang/Class;I)Ljava/lang/Object; @ 51 c2
Event: 1.237 Thread 0x000001acc2c0ac40 DEOPT PACKING pc=0x000001acb2dcc5ac sp=0x0000002515cfa5a0
Event: 1.237 Thread 0x000001acc2c0ac40 DEOPT UNPACKING pc=0x000001acab2d23a3 sp=0x0000002515cfa528 mode 2
Event: 1.290 Thread 0x000001acc2215070 Uncommon trap: trap_request=0xffffff45 fr.pc=0x000001acb2da429c relative=0x000000000000015c
Event: 1.290 Thread 0x000001acc2215070 Uncommon trap: reason=unstable_if action=reinterpret pc=0x000001acb2da429c method=java.lang.invoke.VarHandle.checkExactAccessMode(Ljava/lang/invoke/VarHandle$AccessDescriptor;)V @ 4 c2
Event: 1.290 Thread 0x000001acc2215070 DEOPT PACKING pc=0x000001acb2da429c sp=0x0000002514cff050
Event: 1.290 Thread 0x000001acc2215070 DEOPT UNPACKING pc=0x000001acab2d23a3 sp=0x0000002514cfef90 mode 2

Classes unloaded (0 events):
No events

Classes redefined (0 events):
No events

Internal exceptions (20 events):
Event: 0.758 Thread 0x000001aca37a57a0 Exception <a 'java/lang/NoSuchMethodError'{0x00000000a5af2540}: 'java.lang.Object java.lang.invoke.DirectMethodHandle$Holder.newInvokeSpecial(java.lang.Object, java.lang.Object, long)'> (0x00000000a5af2540) 
thrown [s\src\hotspot\share\interpreter\linkResolver.cpp, line 759]
Event: 0.758 Thread 0x000001aca37a57a0 Exception <a 'java/lang/NoSuchMethodError'{0x00000000a5af60b0}: 'java.lang.Object java.lang.invoke.Invokers$Holder.linkToTargetMethod(java.lang.Object, long, java.lang.Object)'> (0x00000000a5af60b0) 
thrown [s\src\hotspot\share\interpreter\linkResolver.cpp, line 759]
Event: 0.778 Thread 0x000001acc2126430 Exception <a 'java/net/ConnectException'{0x00000000a587e948}: Connection refused: no further information> (0x00000000a587e948) 
thrown [s\src\hotspot\share\prims\jni.cpp, line 535]
Event: 0.778 Thread 0x000001acc2126430 Exception <a 'java/net/SocketException'{0x00000000a587ec80}: Socket is not connected: shutdown> (0x00000000a587ec80) 
thrown [s\src\hotspot\share\prims\jni.cpp, line 535]
Event: 0.798 Thread 0x000001acc2126430 Exception <a 'java/net/ConnectException'{0x00000000a587fc78}: Connection refused: no further information> (0x00000000a587fc78) 
thrown [s\src\hotspot\share\prims\jni.cpp, line 535]
Event: 0.798 Thread 0x000001acc2126430 Exception <a 'java/net/SocketException'{0x00000000a587ffb0}: Socket is not connected: shutdown> (0x00000000a587ffb0) 
thrown [s\src\hotspot\share\prims\jni.cpp, line 535]
Event: 0.950 Thread 0x000001aca37a57a0 Exception <a 'java/lang/NoSuchMethodError'{0x00000000a58f2f20}: 'int java.lang.invoke.DirectMethodHandle$Holder.invokeVirtual(java.lang.Object, java.lang.Object)'> (0x00000000a58f2f20) 
thrown [s\src\hotspot\share\interpreter\linkResolver.cpp, line 759]
Event: 0.951 Thread 0x000001aca37a57a0 Exception <a 'java/lang/NoSuchMethodError'{0x00000000a58f9440}: 'double java.lang.invoke.DirectMethodHandle$Holder.invokeVirtual(java.lang.Object, java.lang.Object)'> (0x00000000a58f9440) 
thrown [s\src\hotspot\share\interpreter\linkResolver.cpp, line 759]
Event: 0.952 Thread 0x000001aca37a57a0 Exception <a 'java/lang/NoSuchMethodError'{0x00000000a58ffbe8}: 'float java.lang.invoke.DirectMethodHandle$Holder.invokeVirtual(java.lang.Object, java.lang.Object)'> (0x00000000a58ffbe8) 
thrown [s\src\hotspot\share\interpreter\linkResolver.cpp, line 759]
Event: 0.954 Thread 0x000001aca37a57a0 Exception <a 'java/lang/NoSuchMethodError'{0x00000000a5708fe0}: 'long java.lang.invoke.DirectMethodHandle$Holder.invokeVirtual(java.lang.Object, java.lang.Object)'> (0x00000000a5708fe0) 
thrown [s\src\hotspot\share\interpreter\linkResolver.cpp, line 759]
Event: 0.961 Thread 0x000001aca37a57a0 Exception <a 'java/lang/NoSuchMethodError'{0x00000000a5736a80}: 'void java.lang.invoke.DirectMethodHandle$Holder.invokeStatic(java.lang.Object, java.lang.Object, java.lang.Object)'> (0x00000000a5736a80) 
thrown [s\src\hotspot\share\interpreter\linkResolver.cpp, line 759]
Event: 0.962 Thread 0x000001aca37a57a0 Exception <a 'java/lang/NoSuchMethodError'{0x00000000a573cfa0}: 'java.lang.Object java.lang.invoke.DirectMethodHandle$Holder.invokeVirtual(java.lang.Object, java.lang.Object, java.lang.Object)'> (0x00000000a573cfa0) 
thrown [s\src\hotspot\share\interpreter\linkResolver.cpp, line 759]
Event: 1.013 Thread 0x000001aca37a57a0 Exception <a 'java/lang/NoSuchMethodError'{0x00000000a6d6a5f8}: 'java.lang.Object java.lang.invoke.DirectMethodHandle$Holder.newInvokeSpecial(java.lang.Object, java.lang.Object, int, int)'> (0x00000000a6d6a5f8) 
thrown [s\src\hotspot\share\interpreter\linkResolver.cpp, line 759]
Event: 1.016 Thread 0x000001aca37a57a0 Exception <a 'java/lang/NoSuchMethodError'{0x00000000a6d75540}: 'void java.lang.invoke.DirectMethodHandle$Holder.invokeStatic(java.lang.Object, java.lang.Object, int)'> (0x00000000a6d75540) 
thrown [s\src\hotspot\share\interpreter\linkResolver.cpp, line 759]
Event: 1.070 Thread 0x000001aca37a57a0 Exception <a 'java/lang/NoSuchMethodError'{0x00000000a6ccae68}: 'java.lang.Object java.lang.invoke.DirectMethodHandle$Holder.newInvokeSpecial(java.lang.Object, java.lang.Object, java.lang.Object, java.lang.Object, java.lang.Object)'> (0x00000000a6ccae68) 
thrown [s\src\hotspot\share\interpreter\linkResolver.cpp, line 759]
Event: 1.180 Thread 0x000001aca37a57a0 Exception <a 'java/lang/NoSuchMethodError'{0x00000000a69617a8}: 'void java.lang.invoke.DirectMethodHandle$Holder.invokeSpecial(java.lang.Object, java.lang.Object, java.lang.Object)'> (0x00000000a69617a8) 
thrown [s\src\hotspot\share\interpreter\linkResolver.cpp, line 759]
Event: 1.183 Thread 0x000001aca37a57a0 Exception <a 'java/lang/NoSuchMethodError'{0x00000000a696f9b0}: 'void java.lang.invoke.DirectMethodHandle$Holder.invokeStatic(java.lang.Object, java.lang.Object, java.lang.Object, java.lang.Object)'> (0x00000000a696f9b0) 
thrown [s\src\hotspot\share\interpreter\linkResolver.cpp, line 759]
Event: 1.248 Thread 0x000001acc2c0ac40 Exception <a 'java/lang/NoSuchMethodError'{0x00000000a688bbf0}: 'java.lang.Object java.lang.invoke.DirectMethodHandle$Holder.invokeSpecial(java.lang.Object, java.lang.Object, java.lang.Object, java.lang.Object, int)'> (0x00000000a688bbf0) 
thrown [s\src\hotspot\share\interpreter\linkResolver.cpp, line 759]
Event: 1.249 Thread 0x000001acc2c0ac40 Exception <a 'java/lang/NoSuchMethodError'{0x00000000a688f7b8}: 'java.lang.Object java.lang.invoke.Invokers$Holder.linkToTargetMethod(java.lang.Object, java.lang.Object, int, java.lang.Object)'> (0x00000000a688f7b8) 
thrown [s\src\hotspot\share\interpreter\linkResolver.cpp, line 759]
Event: 1.279 Thread 0x000001acc2c0ac40 Exception <a 'java/lang/NoSuchMethodError'{0x00000000a68e5870}: 'void java.lang.invoke.DirectMethodHandle$Holder.invokeSpecial(java.lang.Object, java.lang.Object, java.lang.Object, java.lang.Object, java.lang.Object)'> (0x00000000a68e5870) 
thrown [s\src\hotspot\share\interpreter\linkResolver.cpp, line 759]

VM Operations (20 events):
Event: 0.118 Executing VM operation: HandshakeAllThreads
Event: 0.118 Executing VM operation: HandshakeAllThreads done
Event: 0.245 Executing VM operation: HandshakeAllThreads
Event: 0.245 Executing VM operation: HandshakeAllThreads done
Event: 0.303 Executing VM operation: HandshakeAllThreads
Event: 0.303 Executing VM operation: HandshakeAllThreads done
Event: 0.389 Executing VM operation: HandshakeAllThreads
Event: 0.389 Executing VM operation: HandshakeAllThreads done
Event: 0.636 Executing VM operation: HandshakeAllThreads
Event: 0.636 Executing VM operation: HandshakeAllThreads done
Event: 0.680 Executing VM operation: HandshakeAllThreads
Event: 0.680 Executing VM operation: HandshakeAllThreads done
Event: 0.711 Executing VM operation: ICBufferFull
Event: 0.711 Executing VM operation: ICBufferFull done
Event: 0.832 Executing VM operation: HandshakeAllThreads
Event: 0.832 Executing VM operation: HandshakeAllThreads done
Event: 0.833 Executing VM operation: HandshakeAllThreads
Event: 0.833 Executing VM operation: HandshakeAllThreads done
Event: 0.991 Executing VM operation: G1CollectForAllocation
Event: 0.999 Executing VM operation: G1CollectForAllocation done

Events (20 events):
Event: 1.299 loading class sun/nio/ch/IOVecWrapper$Deallocator done
Event: 1.304 loading class java/util/concurrent/CompletableFuture$UniApply
Event: 1.305 loading class java/util/concurrent/CompletableFuture$UniApply done
Event: 1.317 loading class java/nio/HeapByteBufferR
Event: 1.317 loading class java/nio/HeapByteBufferR done
Event: 1.319 loading class java/util/LinkedList$DescendingIterator
Event: 1.319 loading class java/util/LinkedList$DescendingIterator done
Event: 1.321 loading class java/util/stream/ReferencePipeline$5
Event: 1.322 loading class java/util/stream/LongPipeline$StatelessOp
Event: 1.322 loading class java/util/stream/LongPipeline
Event: 1.323 loading class java/util/stream/LongStream
Event: 1.323 loading class java/util/stream/LongStream done
Event: 1.323 loading class java/util/stream/LongPipeline done
Event: 1.323 loading class java/util/stream/LongPipeline$StatelessOp done
Event: 1.323 loading class java/util/stream/ReferencePipeline$5 done
Event: 1.324 loading class java/util/stream/FindOps$FindSink$OfLong
Event: 1.324 loading class java/util/stream/Sink$OfLong
Event: 1.324 loading class java/util/stream/Sink$OfLong done
Event: 1.324 loading class java/util/stream/FindOps$FindSink$OfLong done
Event: 1.324 loading class java/util/OptionalLong


Dynamic libraries:
0x00007ff770470000 - 0x00007ff77047e000 	C:\Program Files\Eclipse Adoptium\jdk-17.0.5.8-hotspot\bin\javaw.exe
0x00007ff918bf0000 - 0x00007ff918e07000 	C:\WINDOWS\SYSTEM32\ntdll.dll
0x00007ff918430000 - 0x00007ff9184f4000 	C:\WINDOWS\System32\KERNEL32.DLL
0x00007ff915f30000 - 0x00007ff9162d6000 	C:\WINDOWS\System32\KERNELBASE.dll
0x00007ff9167f0000 - 0x00007ff916901000 	C:\WINDOWS\System32\ucrtbase.dll
0x00007ff90cd10000 - 0x00007ff90cd27000 	C:\Program Files\Eclipse Adoptium\jdk-17.0.5.8-hotspot\bin\jli.dll
0x00007ff9180e0000 - 0x00007ff91828e000 	C:\WINDOWS\System32\USER32.dll
0x00007ff90ca50000 - 0x00007ff90ca69000 	C:\Program Files\Eclipse Adoptium\jdk-17.0.5.8-hotspot\bin\VCRUNTIME140.dll
0x00007ff8ff190000 - 0x00007ff8ff423000 	C:\WINDOWS\WinSxS\amd64_microsoft.windows.common-controls_6595b64144ccf1df_6.0.22621.2506_none_270c5ae97388e100\COMCTL32.dll
0x00007ff9162e0000 - 0x00007ff916306000 	C:\WINDOWS\System32\win32u.dll
0x00007ff918030000 - 0x00007ff9180d7000 	C:\WINDOWS\System32\msvcrt.dll
0x00007ff918a90000 - 0x00007ff918ab9000 	C:\WINDOWS\System32\GDI32.dll
0x00007ff916650000 - 0x00007ff916768000 	C:\WINDOWS\System32\gdi32full.dll
0x00007ff9165b0000 - 0x00007ff91664a000 	C:\WINDOWS\System32\msvcp_win.dll
0x00007ff918ac0000 - 0x00007ff918af1000 	C:\WINDOWS\System32\IMM32.DLL
0x00007ff90cc30000 - 0x00007ff90cc3c000 	C:\Program Files\Eclipse Adoptium\jdk-17.0.5.8-hotspot\bin\vcruntime140_1.dll
0x00007ff90c9b0000 - 0x00007ff90ca41000 	C:\Program Files\Eclipse Adoptium\jdk-17.0.5.8-hotspot\bin\msvcp140.dll
0x00007ff891260000 - 0x00007ff891ea4000 	C:\Program Files\Eclipse Adoptium\jdk-17.0.5.8-hotspot\bin\server\jvm.dll
0x00007ff918730000 - 0x00007ff9187e3000 	C:\WINDOWS\System32\ADVAPI32.dll
0x00007ff918380000 - 0x00007ff918428000 	C:\WINDOWS\System32\sechost.dll
0x00007ff916910000 - 0x00007ff916938000 	C:\WINDOWS\System32\bcrypt.dll
0x00007ff9188f0000 - 0x00007ff918a07000 	C:\WINDOWS\System32\RPCRT4.dll
0x00007ff9101a0000 - 0x00007ff9101d4000 	C:\WINDOWS\SYSTEM32\WINMM.dll
0x00007ff902fe0000 - 0x00007ff902fe9000 	C:\WINDOWS\SYSTEM32\WSOCK32.dll
0x00007ff90fc10000 - 0x00007ff90fc1a000 	C:\WINDOWS\SYSTEM32\VERSION.dll
0x00007ff918500000 - 0x00007ff918571000 	C:\WINDOWS\System32\WS2_32.dll
0x00007ff914fd0000 - 0x00007ff914fe8000 	C:\WINDOWS\SYSTEM32\kernel.appcore.dll
0x00007ff9105f0000 - 0x00007ff9105fa000 	C:\Program Files\Eclipse Adoptium\jdk-17.0.5.8-hotspot\bin\jimage.dll
0x00007ff90d310000 - 0x00007ff90d543000 	C:\WINDOWS\SYSTEM32\DBGHELP.DLL
0x00007ff916b40000 - 0x00007ff916ec9000 	C:\WINDOWS\System32\combase.dll
0x00007ff9182a0000 - 0x00007ff918377000 	C:\WINDOWS\System32\OLEAUT32.dll
0x00007ff90d2d0000 - 0x00007ff90d302000 	C:\WINDOWS\SYSTEM32\dbgcore.DLL
0x00007ff916770000 - 0x00007ff9167ea000 	C:\WINDOWS\System32\bcryptPrimitives.dll
0x00007ff8da290000 - 0x00007ff8da2b5000 	C:\Program Files\Eclipse Adoptium\jdk-17.0.5.8-hotspot\bin\java.dll
0x00007ff892120000 - 0x00007ff8921f6000 	C:\Program Files\Eclipse Adoptium\jdk-17.0.5.8-hotspot\bin\jsvml.dll
0x00007ff917290000 - 0x00007ff917aeb000 	C:\WINDOWS\System32\SHELL32.dll
0x00007ff913e90000 - 0x00007ff914786000 	C:\WINDOWS\SYSTEM32\windows.storage.dll
0x00007ff913d50000 - 0x00007ff913e8e000 	C:\WINDOWS\SYSTEM32\wintypes.dll
0x00007ff9169a0000 - 0x00007ff916a93000 	C:\WINDOWS\System32\SHCORE.dll
0x00007ff918b00000 - 0x00007ff918b5e000 	C:\WINDOWS\System32\shlwapi.dll
0x00007ff915e60000 - 0x00007ff915e86000 	C:\WINDOWS\SYSTEM32\profapi.dll
0x00007ff8f4c40000 - 0x00007ff8f4c59000 	C:\Program Files\Eclipse Adoptium\jdk-17.0.5.8-hotspot\bin\net.dll
0x00007ff910620000 - 0x00007ff910757000 	C:\WINDOWS\SYSTEM32\WINHTTP.dll
0x00007ff915470000 - 0x00007ff9154d9000 	C:\WINDOWS\system32\mswsock.dll
0x00007ff8eae90000 - 0x00007ff8eaea5000 	C:\Program Files\Eclipse Adoptium\jdk-17.0.5.8-hotspot\bin\nio.dll
0x00007ff8d3550000 - 0x00007ff8d3568000 	C:\Program Files\Eclipse Adoptium\jdk-17.0.5.8-hotspot\bin\zip.dll
0x00007ff914a60000 - 0x00007ff914b59000 	C:\WINDOWS\SYSTEM32\DNSAPI.dll
0x00007ff9149f0000 - 0x00007ff914a1d000 	C:\WINDOWS\SYSTEM32\IPHLPAPI.DLL
0x00007ff917af0000 - 0x00007ff917af9000 	C:\WINDOWS\System32\NSI.dll
0x00007ff90b9c0000 - 0x00007ff90b9ca000 	C:\Windows\System32\rasadhlp.dll
0x00007ff90fe20000 - 0x00007ff90fea3000 	C:\WINDOWS\System32\fwpuclnt.dll
0x00007ff915730000 - 0x00007ff91574b000 	C:\WINDOWS\SYSTEM32\CRYPTSP.dll
0x00007ff914f30000 - 0x00007ff914f65000 	C:\WINDOWS\system32\rsaenh.dll
0x00007ff9155d0000 - 0x00007ff9155fc000 	C:\WINDOWS\SYSTEM32\USERENV.dll
0x00007ff915750000 - 0x00007ff91575c000 	C:\WINDOWS\SYSTEM32\CRYPTBASE.dll
0x00007ff9104e0000 - 0x00007ff9104f9000 	C:\WINDOWS\SYSTEM32\dhcpcsvc6.DLL
0x00007ff9104c0000 - 0x00007ff9104df000 	C:\WINDOWS\SYSTEM32\dhcpcsvc.DLL
0x00007ff90d5e0000 - 0x00007ff90d5ee000 	C:\Program Files\Eclipse Adoptium\jdk-17.0.5.8-hotspot\bin\sunmscapi.dll
0x00007ff916310000 - 0x00007ff916476000 	C:\WINDOWS\System32\CRYPT32.dll
0x00007ff9158d0000 - 0x00007ff9158fe000 	C:\WINDOWS\SYSTEM32\ncrypt.dll
0x00007ff915890000 - 0x00007ff9158c7000 	C:\WINDOWS\SYSTEM32\NTASN1.dll
0x00007ff8f6c30000 - 0x00007ff8f6c38000 	C:\WINDOWS\system32\wshunix.dll

dbghelp: loaded successfully - version: 4.0.5 - missing functions: none
symbol engine: initialized successfully - sym options: 0x614 - pdb path: .;C:\Program Files\Eclipse Adoptium\jdk-17.0.5.8-hotspot\bin;C:\WINDOWS\SYSTEM32;C:\WINDOWS\WinSxS\amd64_microsoft.windows.common-controls_6595b64144ccf1df_6.0.22621.2506_none_270c5ae97388e100;C:\Program Files\Eclipse Adoptium\jdk-17.0.5.8-hotspot\bin\server

VM Arguments:
jvm_args: -Dfile.encoding=UTF-8 -XX:+ShowCodeDetailsInExceptionMessages 
java_command: Axis.BCGSolutions.PracticeProject.DropDown
java_class_path (initial): C:\Users\Admin\eclipse-java_training\BCGSolutions\target\classes;C:\Users\Admin\.m2\repository\org\seleniumhq\selenium\selenium-java\4.15.0\selenium-java-4.15.0.jar;C:\Users\Admin\.m2\repository\org\seleniumhq\selenium\selenium-api\4.15.0\selenium-api-4.15.0.jar;C:\Users\Admin\.m2\repository\org\seleniumhq\selenium\selenium-chrome-driver\4.15.0\selenium-chrome-driver-4.15.0.jar;C:\Users\Admin\.m2\repository\com\google\auto\service\auto-service-annotations\1.1.1\auto-service-annotations-1.1.1.jar;C:\Users\Admin\.m2\repository\org\seleniumhq\selenium\selenium-chromium-driver\4.15.0\selenium-chromium-driver-4.15.0.jar;C:\Users\Admin\.m2\repository\org\seleniumhq\selenium\selenium-json\4.15.0\selenium-json-4.15.0.jar;C:\Users\Admin\.m2\repository\org\seleniumhq\selenium\selenium-manager\4.15.0\selenium-manager-4.15.0.jar;C:\Users\Admin\.m2\repository\org\seleniumhq\selenium\selenium-devtools-v117\4.15.0\selenium-devtools-v117-4.15.0.jar;C:\Users\Admin\.m2\repository\org\seleniumhq\selenium\selenium-devtools-v118\4.15.0\selenium-devtools-v118-4.15.0.jar;C:\Users\Admin\.m2\repository\org\seleniumhq\selenium\selenium-devtools-v119\4.15.0\selenium-devtools-v119-4.15.0.jar;C:\Users\Admin\.m2\repository\org\seleniumhq\selenium\selenium-devtools-v85\4.15.0\selenium-devtools-v85-4.15.0.jar;C:\Users\Admin\.m2\repository\org\seleniumhq\selenium\selenium-edge-driver\4.15.0\selenium-edge-driver-4.15.0.jar;C:\Users\Admin\.m2\repository\org\seleniumhq\selenium\selenium-firefox-driver\4.15.0\selenium-firefox-driver-4.15.0.jar;C:\Users\Admin\.m2\repository\org\seleniumhq\selenium\selenium-http\4.15.0\selenium-http-4.15.0.jar;C:\Users\Admin\.m2\repository\dev\failsafe\failsafe\3.3.2\failsafe-3.3.2.jar;C:\Users\Admin\.m2\repository\org\seleniumhq\selenium\selenium-ie-driver\4.15.0\selenium-ie-driver-4.15.0.jar;C:\Users\Admin\.m2\repository\org\seleniumhq\selenium\selenium-remote-driver\4.15.0\selenium-remote-driver-4.15.0.jar;C:\Users\Admin\.m2\repository\com
Launcher Type: SUN_STANDARD

[Global flags]
     intx CICompilerCount                          = 4                                         {product} {ergonomic}
     uint ConcGCThreads                            = 2                                         {product} {ergonomic}
     uint G1ConcRefinementThreads                  = 8                                         {product} {ergonomic}
   size_t G1HeapRegionSize                         = 1048576                                   {product} {ergonomic}
    uintx GCDrainStackTargetSize                   = 64                                        {product} {ergonomic}
   size_t InitialHeapSize                          = 100663296                                 {product} {ergonomic}
   size_t MarkStackSize                            = 4194304                                   {product} {ergonomic}
   size_t MaxHeapSize                              = 1595932672                                {product} {ergonomic}
   size_t MaxNewSize                               = 957349888                                 {product} {ergonomic}
   size_t MinHeapDeltaBytes                        = 1048576                                   {product} {ergonomic}
   size_t MinHeapSize                              = 8388608                                   {product} {ergonomic}
    uintx NonNMethodCodeHeapSize                   = 5839372                                {pd product} {ergonomic}
    uintx NonProfiledCodeHeapSize                  = 122909434                              {pd product} {ergonomic}
    uintx ProfiledCodeHeapSize                     = 122909434                              {pd product} {ergonomic}
    uintx ReservedCodeCacheSize                    = 251658240                              {pd product} {ergonomic}
     bool SegmentedCodeCache                       = true                                      {product} {ergonomic}
     bool ShowCodeDetailsInExceptionMessages       = true                                   {manageable} {command line}
   size_t SoftMaxHeapSize                          = 1595932672                             {manageable} {ergonomic}
     bool UseCompressedClassPointers               = true                           {product lp64_product} {ergonomic}
     bool UseCompressedOops                        = true                           {product lp64_product} {ergonomic}
     bool UseG1GC                                  = true                                      {product} {ergonomic}
     bool UseLargePagesIndividualAllocation        = false                                  {pd product} {ergonomic}

Logging:
Log output configuration:
 #0: stdout all=warning uptime,level,tags
 #1: stderr all=off uptime,level,tags

Environment Variables:
JAVA_HOME=C:\Program Files\Java\jdk-17
PATH=C:/Program Files/Eclipse Adoptium/jdk-17.0.5.8-hotspot/bin/server;C:/Program Files/Eclipse Adoptium/jdk-17.0.5.8-hotspot/bin;C:\Program Files\Eclipse Adoptium\jdk-17.0.5.8-hotspot\bin;C:\oraclexe\app\oracle\product\11.2.0\server\bin;C:\Program Files\Python39\Scripts\;C:\Program Files\Python39\;C:\Program Files\Common Files\Oracle\Java\javapath;C:\Program Files (x86)\Common Files\Oracle\Java\javapath;C:\Windows\system32;C:\Windows;C:\Windows\System32\Wbem;C:\Windows\System32\WindowsPowerShell\v1.0\;C:\Windows\System32\OpenSSH\;C:\Program Files (x86)\NVIDIA Corporation\PhysX\Common;C:\Program Files\NVIDIA Corporation\NVIDIA NvDLISR;C:\Windows\IsmFiles;C:\Program Files\Java\jdk-11.0.10\bin;C:\MinGW\bin;C:\WINDOWS\system32;C:\WINDOWS;C:\WINDOWS\System32\Wbem;C:\WINDOWS\System32\WindowsPowerShell\v1.0\;C:\WINDOWS\System32\OpenSSH\;C:\Program Files\nodejs\;C:\Xampp\php;C:\Program Files\Apache Software Foundation\Tomcat 11.0\bin;C:\Program Files\Java\apache-maven-3.9.6\bin;D:\python sama\Scripts\;D:\python sama\;C:\Users\Admin\AppData\Local\Microsoft\WindowsApps;C:\Program Files\JetBrains\PyCharm Community Edition 2020.3.3\bin;C:\Program Files (x86)\mingw-w64\i686-8.1.0-posix-dwarf-rt_v6-rev0\mingw32\bin;C:\Users\Admin\AppData\Local\atom\bin;C:\Users\Admin\AppData\Local\GitHubDesktop\bin;C:\Users\Admin\AppData\Local\Microsoft\WindowsApps;C:\Users\Admin\AppData\Roaming\npm;C:\Users\Admin\AppData\Local\Programs\Microsoft VS Code\bin;C:\Program Files\Java\apache-maven-3.9.6\bin;;C:\WINDOWS\system32;
USERNAME=Admin
OS=Windows_NT
PROCESSOR_IDENTIFIER=AMD64 Family 23 Model 24 Stepping 1, AuthenticAMD
TMP=C:\Users\Admin\AppData\Local\Temp
TEMP=C:\Users\Admin\AppData\Local\Temp



---------------  S Y S T E M  ---------------

OS:
 Windows 11 , 64 bit Build 22621 (10.0.22621.3085)
OS uptime: 0 days 3:08 hours

CPU: total 8 (initial active 8) (8 cores per cpu, 2 threads per core) family 23 model 24 stepping 1 microcode 0x0, cx8, cmov, fxsr, ht, mmx, 3dnowpref, sse, sse2, sse3, ssse3, sse4a, sse4.1, sse4.2, popcnt, lzcnt, tsc, tscinvbit, avx, avx2, aes, clmul, bmi1, bmi2, adx, sha, fma, vzeroupper, clflush, clflushopt

Memory: 4k page, system-wide physical 6081M (308M free)
TotalPageFile size 24513M (AvailPageFile size 0M)
current process WorkingSet (physical memory assigned to process): 90M, peak: 90M
current process commit charge ("private bytes"): 201M, peak: 201M

vm_info: OpenJDK 64-Bit Server VM (17.0.5+8) for windows-amd64 JRE (17.0.5+8), built on Oct 19 2022 04:48:13 by "temurin" with MS VC++ 16.7 (VS2019)

END.
