#
# There is insufficient memory for the Java Runtime Environment to continue.
# Native memory allocation (malloc) failed to allocate 32744 bytes for ChunkPool::allocate
# Possible reasons:
#   The system is out of physical RAM or swap space
#   The process is running with CompressedOops enabled, and the Java Heap may be blocking the growth of the native heap
# Possible solutions:
#   Reduce memory load on the system
#   Increase physical memory or swap space
#   Check if swap backing store is full
#   Decrease Java heap size (-Xmx/-Xms)
#   Decrease number of Java threads
#   Decrease Java thread stack sizes (-Xss)
#   Set larger code cache with -XX:ReservedCodeCacheSize=
#   JVM is running with Unscaled Compressed Oops mode in which the Java heap is
#     placed in the first 4GB address space. The Java Heap base address is the
#     maximum limit for the native heap growth. Please use -XX:HeapBaseMinAddress
#     to set the Java Heap base and to place the Java Heap above 4GB virtual address.
# This output file may be truncated or incomplete.
#
#  Out of Memory Error (arena.cpp:78), pid=2236, tid=21580
#
# JRE version: OpenJDK Runtime Environment Temurin-17.0.5+8 (17.0.5+8) (build 17.0.5+8)
# Java VM: OpenJDK 64-Bit Server VM Temurin-17.0.5+8 (17.0.5+8, mixed mode, sharing, tiered, compressed oops, compressed class ptrs, g1 gc, windows-amd64)
# No core dump will be written. Minidumps are not enabled by default on client versions of Windows
#

---------------  S U M M A R Y ------------

Command Line: -Dfile.encoding=UTF-8 -XX:+ShowCodeDetailsInExceptionMessages Axis.BCGSolutions.PracticeProject.Alerts

Host: AMD Ryzen 5 3550H with Radeon Vega Mobile Gfx  , 8 cores, 5G,  Windows 11 , 64 bit Build 22621 (10.0.22621.2506)
Time: Sat Feb 24 12:55:45 2024 India Standard Time elapsed time: 0.299508 seconds (0d 0h 0m 0s)

---------------  T H R E A D  ---------------

Current thread (0x00000232435d9be0):  JavaThread "C1 CompilerThread0" daemon [_thread_in_native, id=21580, stack(0x000000de45e00000,0x000000de45f00000)]


Current CompileTask:
C1:    299  399       3       java.net.URLStreamHandler::parseURL (1201 bytes)

Stack: [0x000000de45e00000,0x000000de45f00000]
Native frames: (J=compiled Java code, j=interpreted, Vv=VM code, C=native code)
V  [jvm.dll+0x676b3a]
V  [jvm.dll+0x831444]
V  [jvm.dll+0x832bee]
V  [jvm.dll+0x833253]
V  [jvm.dll+0x244ce5]
V  [jvm.dll+0xabdcc]
V  [jvm.dll+0xac17c]
V  [jvm.dll+0x11c2a5]
V  [jvm.dll+0x180456]
V  [jvm.dll+0x18da8e]
V  [jvm.dll+0x133afd]
V  [jvm.dll+0x133d60]
V  [jvm.dll+0x134026]
V  [jvm.dll+0x1334ba]
V  [jvm.dll+0x135181]
V  [jvm.dll+0x22698a]
V  [jvm.dll+0x224ac5]
V  [jvm.dll+0x7e727b]
V  [jvm.dll+0x7e17ea]
V  [jvm.dll+0x6759e5]
C  [ucrtbase.dll+0x29363]
C  [KERNEL32.DLL+0x1257d]
C  [ntdll.dll+0x5aa58]


---------------  P R O C E S S  ---------------

Threads class SMR info:
_java_thread_list=0x00000232440d5c50, length=12, elements={
0x00000232264d5450, 0x000002324358c6c0, 0x000002324358d530, 0x000002324359e0e0,
0x000002324359eba0, 0x00000232435a1d70, 0x00000232435aa730, 0x00000232435acf40,
0x00000232435d9be0, 0x00000232435ea9a0, 0x00000232440faef0, 0x0000023244106b40
}

Java Threads: ( => current thread )
  0x00000232264d5450 JavaThread "main" [_thread_in_vm, id=8788, stack(0x000000de45000000,0x000000de45100000)]
  0x000002324358c6c0 JavaThread "Reference Handler" daemon [_thread_blocked, id=3264, stack(0x000000de45700000,0x000000de45800000)]
  0x000002324358d530 JavaThread "Finalizer" daemon [_thread_blocked, id=10052, stack(0x000000de45800000,0x000000de45900000)]
  0x000002324359e0e0 JavaThread "Signal Dispatcher" daemon [_thread_blocked, id=24024, stack(0x000000de45900000,0x000000de45a00000)]
  0x000002324359eba0 JavaThread "Attach Listener" daemon [_thread_blocked, id=10932, stack(0x000000de45a00000,0x000000de45b00000)]
  0x00000232435a1d70 JavaThread "Service Thread" daemon [_thread_blocked, id=9964, stack(0x000000de45b00000,0x000000de45c00000)]
  0x00000232435aa730 JavaThread "Monitor Deflation Thread" daemon [_thread_blocked, id=1788, stack(0x000000de45c00000,0x000000de45d00000)]
  0x00000232435acf40 JavaThread "C2 CompilerThread0" daemon [_thread_in_native, id=12424, stack(0x000000de45d00000,0x000000de45e00000)]
=>0x00000232435d9be0 JavaThread "C1 CompilerThread0" daemon [_thread_in_native, id=21580, stack(0x000000de45e00000,0x000000de45f00000)]
  0x00000232435ea9a0 JavaThread "Sweeper thread" daemon [_thread_blocked, id=12504, stack(0x000000de45f00000,0x000000de46000000)]
  0x00000232440faef0 JavaThread "Notification Thread" daemon [_thread_blocked, id=9132, stack(0x000000de46000000,0x000000de46100000)]
  0x0000023244106b40 JavaThread "Common-Cleaner" daemon [_thread_blocked, id=30880, stack(0x000000de46200000,0x000000de46300000)]

Other Threads:
  0x0000023243588e90 VMThread "VM Thread" [stack: 0x000000de45600000,0x000000de45700000] [id=15836]
  0x00000232440fb3c0 WatcherThread [stack: 0x000000de46100000,0x000000de46200000] [id=5600]
  0x00000232265231e0 GCTaskThread "GC Thread#0" [stack: 0x000000de45100000,0x000000de45200000] [id=28280]
  0x000002322654d770 ConcurrentGCThread "G1 Main Marker" [stack: 0x000000de45200000,0x000000de45300000] [id=17364]
  0x000002322654e180 ConcurrentGCThread "G1 Conc#0" [stack: 0x000000de45300000,0x000000de45400000] [id=33448]
  0x000002322658e960 ConcurrentGCThread "G1 Refine#0" [stack: 0x000000de45400000,0x000000de45500000] [id=33156]
  0x00000232434464d0 ConcurrentGCThread "G1 Service" [stack: 0x000000de45500000,0x000000de45600000] [id=22404]

Threads with active compile tasks:
C2 CompilerThread0      325  412       4       java.lang.StringBuilder::append (8 bytes)
C1 CompilerThread0      325  399       3       java.net.URLStreamHandler::parseURL (1201 bytes)

VM state: not at safepoint (normal execution)

VM Mutex/Monitor currently owned by a thread:  ([mutex/lock_event])
[0x00000232264ce7a0] Metaspace_lock - owner thread: 0x00000232264d5450

Heap address: 0x00000000a0e00000, size: 1522 MB, Compressed Oops mode: 32-bit

CDS archive(s) mapped at: [0x0000000800000000-0x0000000800bc0000-0x0000000800bc0000), size 12320768, SharedBaseAddress: 0x0000000800000000, ArchiveRelocationMode: 0.
Compressed class space mapped at: 0x0000000800c00000-0x0000000840c00000, reserved size: 1073741824
Narrow klass base: 0x0000000800000000, Narrow klass shift: 0, Narrow klass range: 0x100000000

GC Precious Log:
 CPUs: 8 total, 8 available
 Memory: 6081M
 Large Page Support: Disabled
 NUMA Support: Disabled
 Compressed Oops: Enabled (32-bit)
 Heap Region Size: 1M
 Heap Min Capacity: 8M
 Heap Initial Capacity: 96M
 Heap Max Capacity: 1522M
 Pre-touch: Disabled
 Parallel Workers: 8
 Concurrent Workers: 2
 Concurrent Refinement Workers: 8
 Periodic GC: Disabled

Heap:
 garbage-first heap   total 98304K, used 5120K [0x00000000a0e00000, 0x0000000100000000)
  region size 1024K, 7 young (7168K), 0 survivors (0K)
 Metaspace       used 1515K, committed 1664K, reserved 1056768K
  class space    used 167K, committed 256K, reserved 1048576K

Heap Regions: E=young(eden), S=young(survivor), O=old, HS=humongous(starts), HC=humongous(continues), CS=collection set, F=free, OA=open archive, CA=closed archive, TAMS=top-at-mark-start (previous, next)
|   0|0x00000000a0e00000, 0x00000000a0e00000, 0x00000000a0f00000|  0%| F|  |TAMS 0x00000000a0e00000, 0x00000000a0e00000| Untracked 
|   1|0x00000000a0f00000, 0x00000000a0f00000, 0x00000000a1000000|  0%| F|  |TAMS 0x00000000a0f00000, 0x00000000a0f00000| Untracked 
|   2|0x00000000a1000000, 0x00000000a1000000, 0x00000000a1100000|  0%| F|  |TAMS 0x00000000a1000000, 0x00000000a1000000| Untracked 
|   3|0x00000000a1100000, 0x00000000a1100000, 0x00000000a1200000|  0%| F|  |TAMS 0x00000000a1100000, 0x00000000a1100000| Untracked 
|   4|0x00000000a1200000, 0x00000000a1200000, 0x00000000a1300000|  0%| F|  |TAMS 0x00000000a1200000, 0x00000000a1200000| Untracked 
|   5|0x00000000a1300000, 0x00000000a1300000, 0x00000000a1400000|  0%| F|  |TAMS 0x00000000a1300000, 0x00000000a1300000| Untracked 
|   6|0x00000000a1400000, 0x00000000a1400000, 0x00000000a1500000|  0%| F|  |TAMS 0x00000000a1400000, 0x00000000a1400000| Untracked 
|   7|0x00000000a1500000, 0x00000000a1500000, 0x00000000a1600000|  0%| F|  |TAMS 0x00000000a1500000, 0x00000000a1500000| Untracked 
|   8|0x00000000a1600000, 0x00000000a1600000, 0x00000000a1700000|  0%| F|  |TAMS 0x00000000a1600000, 0x00000000a1600000| Untracked 
|   9|0x00000000a1700000, 0x00000000a1700000, 0x00000000a1800000|  0%| F|  |TAMS 0x00000000a1700000, 0x00000000a1700000| Untracked 
|  10|0x00000000a1800000, 0x00000000a1800000, 0x00000000a1900000|  0%| F|  |TAMS 0x00000000a1800000, 0x00000000a1800000| Untracked 
|  11|0x00000000a1900000, 0x00000000a1900000, 0x00000000a1a00000|  0%| F|  |TAMS 0x00000000a1900000, 0x00000000a1900000| Untracked 
|  12|0x00000000a1a00000, 0x00000000a1a00000, 0x00000000a1b00000|  0%| F|  |TAMS 0x00000000a1a00000, 0x00000000a1a00000| Untracked 
|  13|0x00000000a1b00000, 0x00000000a1b00000, 0x00000000a1c00000|  0%| F|  |TAMS 0x00000000a1b00000, 0x00000000a1b00000| Untracked 
|  14|0x00000000a1c00000, 0x00000000a1c00000, 0x00000000a1d00000|  0%| F|  |TAMS 0x00000000a1c00000, 0x00000000a1c00000| Untracked 
|  15|0x00000000a1d00000, 0x00000000a1d00000, 0x00000000a1e00000|  0%| F|  |TAMS 0x00000000a1d00000, 0x00000000a1d00000| Untracked 
|  16|0x00000000a1e00000, 0x00000000a1e00000, 0x00000000a1f00000|  0%| F|  |TAMS 0x00000000a1e00000, 0x00000000a1e00000| Untracked 
|  17|0x00000000a1f00000, 0x00000000a1f00000, 0x00000000a2000000|  0%| F|  |TAMS 0x00000000a1f00000, 0x00000000a1f00000| Untracked 
|  18|0x00000000a2000000, 0x00000000a2000000, 0x00000000a2100000|  0%| F|  |TAMS 0x00000000a2000000, 0x00000000a2000000| Untracked 
|  19|0x00000000a2100000, 0x00000000a2100000, 0x00000000a2200000|  0%| F|  |TAMS 0x00000000a2100000, 0x00000000a2100000| Untracked 
|  20|0x00000000a2200000, 0x00000000a2200000, 0x00000000a2300000|  0%| F|  |TAMS 0x00000000a2200000, 0x00000000a2200000| Untracked 
|  21|0x00000000a2300000, 0x00000000a2300000, 0x00000000a2400000|  0%| F|  |TAMS 0x00000000a2300000, 0x00000000a2300000| Untracked 
|  22|0x00000000a2400000, 0x00000000a2400000, 0x00000000a2500000|  0%| F|  |TAMS 0x00000000a2400000, 0x00000000a2400000| Untracked 
|  23|0x00000000a2500000, 0x00000000a2500000, 0x00000000a2600000|  0%| F|  |TAMS 0x00000000a2500000, 0x00000000a2500000| Untracked 
|  24|0x00000000a2600000, 0x00000000a2600000, 0x00000000a2700000|  0%| F|  |TAMS 0x00000000a2600000, 0x00000000a2600000| Untracked 
|  25|0x00000000a2700000, 0x00000000a2700000, 0x00000000a2800000|  0%| F|  |TAMS 0x00000000a2700000, 0x00000000a2700000| Untracked 
|  26|0x00000000a2800000, 0x00000000a2800000, 0x00000000a2900000|  0%| F|  |TAMS 0x00000000a2800000, 0x00000000a2800000| Untracked 
|  27|0x00000000a2900000, 0x00000000a2900000, 0x00000000a2a00000|  0%| F|  |TAMS 0x00000000a2900000, 0x00000000a2900000| Untracked 
|  28|0x00000000a2a00000, 0x00000000a2a00000, 0x00000000a2b00000|  0%| F|  |TAMS 0x00000000a2a00000, 0x00000000a2a00000| Untracked 
|  29|0x00000000a2b00000, 0x00000000a2b00000, 0x00000000a2c00000|  0%| F|  |TAMS 0x00000000a2b00000, 0x00000000a2b00000| Untracked 
|  30|0x00000000a2c00000, 0x00000000a2c00000, 0x00000000a2d00000|  0%| F|  |TAMS 0x00000000a2c00000, 0x00000000a2c00000| Untracked 
|  31|0x00000000a2d00000, 0x00000000a2d00000, 0x00000000a2e00000|  0%| F|  |TAMS 0x00000000a2d00000, 0x00000000a2d00000| Untracked 
|  32|0x00000000a2e00000, 0x00000000a2e00000, 0x00000000a2f00000|  0%| F|  |TAMS 0x00000000a2e00000, 0x00000000a2e00000| Untracked 
|  33|0x00000000a2f00000, 0x00000000a2f00000, 0x00000000a3000000|  0%| F|  |TAMS 0x00000000a2f00000, 0x00000000a2f00000| Untracked 
|  34|0x00000000a3000000, 0x00000000a3000000, 0x00000000a3100000|  0%| F|  |TAMS 0x00000000a3000000, 0x00000000a3000000| Untracked 
|  35|0x00000000a3100000, 0x00000000a3100000, 0x00000000a3200000|  0%| F|  |TAMS 0x00000000a3100000, 0x00000000a3100000| Untracked 
|  36|0x00000000a3200000, 0x00000000a3200000, 0x00000000a3300000|  0%| F|  |TAMS 0x00000000a3200000, 0x00000000a3200000| Untracked 
|  37|0x00000000a3300000, 0x00000000a3300000, 0x00000000a3400000|  0%| F|  |TAMS 0x00000000a3300000, 0x00000000a3300000| Untracked 
|  38|0x00000000a3400000, 0x00000000a3400000, 0x00000000a3500000|  0%| F|  |TAMS 0x00000000a3400000, 0x00000000a3400000| Untracked 
|  39|0x00000000a3500000, 0x00000000a3500000, 0x00000000a3600000|  0%| F|  |TAMS 0x00000000a3500000, 0x00000000a3500000| Untracked 
|  40|0x00000000a3600000, 0x00000000a3600000, 0x00000000a3700000|  0%| F|  |TAMS 0x00000000a3600000, 0x00000000a3600000| Untracked 
|  41|0x00000000a3700000, 0x00000000a3700000, 0x00000000a3800000|  0%| F|  |TAMS 0x00000000a3700000, 0x00000000a3700000| Untracked 
|  42|0x00000000a3800000, 0x00000000a3800000, 0x00000000a3900000|  0%| F|  |TAMS 0x00000000a3800000, 0x00000000a3800000| Untracked 
|  43|0x00000000a3900000, 0x00000000a3900000, 0x00000000a3a00000|  0%| F|  |TAMS 0x00000000a3900000, 0x00000000a3900000| Untracked 
|  44|0x00000000a3a00000, 0x00000000a3a00000, 0x00000000a3b00000|  0%| F|  |TAMS 0x00000000a3a00000, 0x00000000a3a00000| Untracked 
|  45|0x00000000a3b00000, 0x00000000a3b00000, 0x00000000a3c00000|  0%| F|  |TAMS 0x00000000a3b00000, 0x00000000a3b00000| Untracked 
|  46|0x00000000a3c00000, 0x00000000a3c00000, 0x00000000a3d00000|  0%| F|  |TAMS 0x00000000a3c00000, 0x00000000a3c00000| Untracked 
|  47|0x00000000a3d00000, 0x00000000a3d00000, 0x00000000a3e00000|  0%| F|  |TAMS 0x00000000a3d00000, 0x00000000a3d00000| Untracked 
|  48|0x00000000a3e00000, 0x00000000a3e00000, 0x00000000a3f00000|  0%| F|  |TAMS 0x00000000a3e00000, 0x00000000a3e00000| Untracked 
|  49|0x00000000a3f00000, 0x00000000a3f00000, 0x00000000a4000000|  0%| F|  |TAMS 0x00000000a3f00000, 0x00000000a3f00000| Untracked 
|  50|0x00000000a4000000, 0x00000000a4000000, 0x00000000a4100000|  0%| F|  |TAMS 0x00000000a4000000, 0x00000000a4000000| Untracked 
|  51|0x00000000a4100000, 0x00000000a4100000, 0x00000000a4200000|  0%| F|  |TAMS 0x00000000a4100000, 0x00000000a4100000| Untracked 
|  52|0x00000000a4200000, 0x00000000a4200000, 0x00000000a4300000|  0%| F|  |TAMS 0x00000000a4200000, 0x00000000a4200000| Untracked 
|  53|0x00000000a4300000, 0x00000000a4300000, 0x00000000a4400000|  0%| F|  |TAMS 0x00000000a4300000, 0x00000000a4300000| Untracked 
|  54|0x00000000a4400000, 0x00000000a4400000, 0x00000000a4500000|  0%| F|  |TAMS 0x00000000a4400000, 0x00000000a4400000| Untracked 
|  55|0x00000000a4500000, 0x00000000a4500000, 0x00000000a4600000|  0%| F|  |TAMS 0x00000000a4500000, 0x00000000a4500000| Untracked 
|  56|0x00000000a4600000, 0x00000000a4600000, 0x00000000a4700000|  0%| F|  |TAMS 0x00000000a4600000, 0x00000000a4600000| Untracked 
|  57|0x00000000a4700000, 0x00000000a4700000, 0x00000000a4800000|  0%| F|  |TAMS 0x00000000a4700000, 0x00000000a4700000| Untracked 
|  58|0x00000000a4800000, 0x00000000a4800000, 0x00000000a4900000|  0%| F|  |TAMS 0x00000000a4800000, 0x00000000a4800000| Untracked 
|  59|0x00000000a4900000, 0x00000000a4900000, 0x00000000a4a00000|  0%| F|  |TAMS 0x00000000a4900000, 0x00000000a4900000| Untracked 
|  60|0x00000000a4a00000, 0x00000000a4a00000, 0x00000000a4b00000|  0%| F|  |TAMS 0x00000000a4a00000, 0x00000000a4a00000| Untracked 
|  61|0x00000000a4b00000, 0x00000000a4b00000, 0x00000000a4c00000|  0%| F|  |TAMS 0x00000000a4b00000, 0x00000000a4b00000| Untracked 
|  62|0x00000000a4c00000, 0x00000000a4c00000, 0x00000000a4d00000|  0%| F|  |TAMS 0x00000000a4c00000, 0x00000000a4c00000| Untracked 
|  63|0x00000000a4d00000, 0x00000000a4d00000, 0x00000000a4e00000|  0%| F|  |TAMS 0x00000000a4d00000, 0x00000000a4d00000| Untracked 
|  64|0x00000000a4e00000, 0x00000000a4e00000, 0x00000000a4f00000|  0%| F|  |TAMS 0x00000000a4e00000, 0x00000000a4e00000| Untracked 
|  65|0x00000000a4f00000, 0x00000000a4f00000, 0x00000000a5000000|  0%| F|  |TAMS 0x00000000a4f00000, 0x00000000a4f00000| Untracked 
|  66|0x00000000a5000000, 0x00000000a5000000, 0x00000000a5100000|  0%| F|  |TAMS 0x00000000a5000000, 0x00000000a5000000| Untracked 
|  67|0x00000000a5100000, 0x00000000a5100000, 0x00000000a5200000|  0%| F|  |TAMS 0x00000000a5100000, 0x00000000a5100000| Untracked 
|  68|0x00000000a5200000, 0x00000000a5200000, 0x00000000a5300000|  0%| F|  |TAMS 0x00000000a5200000, 0x00000000a5200000| Untracked 
|  69|0x00000000a5300000, 0x00000000a5300000, 0x00000000a5400000|  0%| F|  |TAMS 0x00000000a5300000, 0x00000000a5300000| Untracked 
|  70|0x00000000a5400000, 0x00000000a5400000, 0x00000000a5500000|  0%| F|  |TAMS 0x00000000a5400000, 0x00000000a5400000| Untracked 
|  71|0x00000000a5500000, 0x00000000a5500000, 0x00000000a5600000|  0%| F|  |TAMS 0x00000000a5500000, 0x00000000a5500000| Untracked 
|  72|0x00000000a5600000, 0x00000000a5600000, 0x00000000a5700000|  0%| F|  |TAMS 0x00000000a5600000, 0x00000000a5600000| Untracked 
|  73|0x00000000a5700000, 0x00000000a5700000, 0x00000000a5800000|  0%| F|  |TAMS 0x00000000a5700000, 0x00000000a5700000| Untracked 
|  74|0x00000000a5800000, 0x00000000a5800000, 0x00000000a5900000|  0%| F|  |TAMS 0x00000000a5800000, 0x00000000a5800000| Untracked 
|  75|0x00000000a5900000, 0x00000000a5900000, 0x00000000a5a00000|  0%| F|  |TAMS 0x00000000a5900000, 0x00000000a5900000| Untracked 
|  76|0x00000000a5a00000, 0x00000000a5a00000, 0x00000000a5b00000|  0%| F|  |TAMS 0x00000000a5a00000, 0x00000000a5a00000| Untracked 
|  77|0x00000000a5b00000, 0x00000000a5b00000, 0x00000000a5c00000|  0%| F|  |TAMS 0x00000000a5b00000, 0x00000000a5b00000| Untracked 
|  78|0x00000000a5c00000, 0x00000000a5c00000, 0x00000000a5d00000|  0%| F|  |TAMS 0x00000000a5c00000, 0x00000000a5c00000| Untracked 
|  79|0x00000000a5d00000, 0x00000000a5d00000, 0x00000000a5e00000|  0%| F|  |TAMS 0x00000000a5d00000, 0x00000000a5d00000| Untracked 
|  80|0x00000000a5e00000, 0x00000000a5e00000, 0x00000000a5f00000|  0%| F|  |TAMS 0x00000000a5e00000, 0x00000000a5e00000| Untracked 
|  81|0x00000000a5f00000, 0x00000000a5f00000, 0x00000000a6000000|  0%| F|  |TAMS 0x00000000a5f00000, 0x00000000a5f00000| Untracked 
|  82|0x00000000a6000000, 0x00000000a6000000, 0x00000000a6100000|  0%| F|  |TAMS 0x00000000a6000000, 0x00000000a6000000| Untracked 
|  83|0x00000000a6100000, 0x00000000a6100000, 0x00000000a6200000|  0%| F|  |TAMS 0x00000000a6100000, 0x00000000a6100000| Untracked 
|  84|0x00000000a6200000, 0x00000000a6200000, 0x00000000a6300000|  0%| F|  |TAMS 0x00000000a6200000, 0x00000000a6200000| Untracked 
|  85|0x00000000a6300000, 0x00000000a6300000, 0x00000000a6400000|  0%| F|  |TAMS 0x00000000a6300000, 0x00000000a6300000| Untracked 
|  86|0x00000000a6400000, 0x00000000a6400000, 0x00000000a6500000|  0%| F|  |TAMS 0x00000000a6400000, 0x00000000a6400000| Untracked 
|  87|0x00000000a6500000, 0x00000000a6500000, 0x00000000a6600000|  0%| F|  |TAMS 0x00000000a6500000, 0x00000000a6500000| Untracked 
|  88|0x00000000a6600000, 0x00000000a6600000, 0x00000000a6700000|  0%| F|  |TAMS 0x00000000a6600000, 0x00000000a6600000| Untracked 
|  89|0x00000000a6700000, 0x00000000a6776700, 0x00000000a6800000| 46%| E|  |TAMS 0x00000000a6700000, 0x00000000a6700000| Complete 
|  90|0x00000000a6800000, 0x00000000a6900000, 0x00000000a6900000|100%| E|CS|TAMS 0x00000000a6800000, 0x00000000a6800000| Complete 
|  91|0x00000000a6900000, 0x00000000a6a00000, 0x00000000a6a00000|100%| E|CS|TAMS 0x00000000a6900000, 0x00000000a6900000| Complete 
|  92|0x00000000a6a00000, 0x00000000a6b00000, 0x00000000a6b00000|100%| E|  |TAMS 0x00000000a6a00000, 0x00000000a6a00000| Complete 
|  93|0x00000000a6b00000, 0x00000000a6c00000, 0x00000000a6c00000|100%| E|CS|TAMS 0x00000000a6b00000, 0x00000000a6b00000| Complete 
|  94|0x00000000a6c00000, 0x00000000a6d00000, 0x00000000a6d00000|100%| E|CS|TAMS 0x00000000a6c00000, 0x00000000a6c00000| Complete 
|  95|0x00000000a6d00000, 0x00000000a6e00000, 0x00000000a6e00000|100%| E|CS|TAMS 0x00000000a6d00000, 0x00000000a6d00000| Complete 

Card table byte_map: [0x000002323d5e0000,0x000002323d8e0000] _byte_map_base: 0x000002323d0d9000

Marking Bits (Prev, Next): (CMBitMap*) 0x00000232265237f0, (CMBitMap*) 0x0000023226523830
 Prev Bits: [0x000002323dbe0000, 0x000002323f3a8000)
 Next Bits: [0x000002323f3b0000, 0x0000023240b78000)

Polling page: 0x0000023224470000

Metaspace:

Usage:
  Non-class:      1.32 MB used.
      Class:    167.95 KB used.
       Both:      1.48 MB used.

Virtual space:
  Non-class space:        8.00 MB reserved,       1.38 MB ( 17%) committed,  1 nodes.
      Class space:        1.00 GB reserved,     256.00 KB ( <1%) committed,  1 nodes.
             Both:        1.01 GB reserved,       1.62 MB ( <1%) committed. 

Chunk freelists:
   Non-Class:  3.55 MB
       Class:  3.64 MB
        Both:  7.19 MB

MaxMetaspaceSize: unlimited
CompressedClassSpaceSize: 1.00 GB
Initial GC threshold: 21.00 MB
Current GC threshold: 21.00 MB
CDS: on
MetaspaceReclaimPolicy: balanced
 - commit_granule_bytes: 65536.
 - commit_granule_words: 8192.
 - virtual_space_node_default_size: 1048576.
 - enlarge_chunks_in_place: 1.
 - new_chunks_are_fully_committed: 0.
 - uncommit_free_chunks: 1.
 - use_allocation_guard: 0.
 - handle_deallocations: 1.


Internal statistics:

num_allocs_failed_limit: 0.
num_arena_births: 18.
num_arena_deaths: 0.
num_vsnodes_births: 2.
num_vsnodes_deaths: 0.
num_space_committed: 26.
num_space_uncommitted: 0.
num_chunks_returned_to_freelist: 0.
num_chunks_taken_from_freelist: 51.
num_chunk_merges: 0.
num_chunk_splits: 30.
num_chunks_enlarged: 23.
num_purges: 0.
num_inconsistent_stats: 0.

CodeHeap 'non-profiled nmethods': size=120000Kb used=133Kb max_used=133Kb free=119867Kb
 bounds [0x0000023235a80000, 0x0000023235cf0000, 0x000002323cfb0000]
CodeHeap 'profiled nmethods': size=120000Kb used=597Kb max_used=597Kb free=119402Kb
 bounds [0x000002322e550000, 0x000002322e7c0000, 0x0000023235a80000]
CodeHeap 'non-nmethods': size=5760Kb used=1131Kb max_used=1146Kb free=4628Kb
 bounds [0x000002322dfb0000, 0x000002322e220000, 0x000002322e550000]
 total_blobs=818 nmethods=403 adapters=328
 compilation: enabled
              stopped_count=0, restarted_count=0
 full_count=0

Compilation events (20 events):
Event: 0.279 Thread 0x00000232435d9be0 nmethod 390 0x000002322e5e2690 code [0x000002322e5e2840, 0x000002322e5e2b88]
Event: 0.279 Thread 0x00000232435d9be0  391       3       java.util.jar.Attributes::get (11 bytes)
Event: 0.279 Thread 0x00000232435d9be0 nmethod 391 0x000002322e5e2c90 code [0x000002322e5e2e40, 0x000002322e5e3008]
Event: 0.280 Thread 0x00000232435acf40  392 %     4       java.lang.StringLatin1::indexOf @ 30 (121 bytes)
Event: 0.283 Thread 0x00000232435d9be0  393       3       java.lang.String::getChars (54 bytes)
Event: 0.284 Thread 0x00000232435d9be0 nmethod 393 0x000002322e5e3110 code [0x000002322e5e3300, 0x000002322e5e3778]
Event: 0.284 Thread 0x00000232435d9be0  395   !   3       java.util.zip.InflaterInputStream::read (138 bytes)
Event: 0.285 Thread 0x00000232435d9be0 nmethod 395 0x000002322e5e3990 code [0x000002322e5e3c40, 0x000002322e5e4918]
Event: 0.285 Thread 0x00000232435d9be0  394       3       java.lang.StringLatin1::getChars (12 bytes)
Event: 0.285 Thread 0x00000232435d9be0 nmethod 394 0x000002322e5e4e90 code [0x000002322e5e5020, 0x000002322e5e5148]
Event: 0.286 Thread 0x00000232435acf40 nmethod 392% 0x0000023235a9d690 code [0x0000023235a9d820, 0x0000023235a9dbb8]
Event: 0.286 Thread 0x00000232435acf40  396       4       java.lang.AbstractStringBuilder::append (45 bytes)
Event: 0.291 Thread 0x00000232435d9be0  398       3       java.lang.invoke.MemberName::testAllFlags (7 bytes)
Event: 0.291 Thread 0x00000232435d9be0 nmethod 398 0x000002322e5e5210 code [0x000002322e5e53a0, 0x000002322e5e5578]
Event: 0.292 Thread 0x00000232435acf40 nmethod 396 0x0000023235a9de10 code [0x0000023235a9dfc0, 0x0000023235a9e648]
Event: 0.292 Thread 0x00000232435acf40  397       4       java.lang.AbstractStringBuilder::putStringAt (12 bytes)
Event: 0.292 Thread 0x00000232435d9be0  399       3       java.net.URLStreamHandler::parseURL (1201 bytes)
Event: 0.294 Thread 0x00000232435acf40 nmethod 397 0x0000023235a9ea10 code [0x0000023235a9eba0, 0x0000023235a9ed38]
Event: 0.295 Thread 0x00000232435acf40  404       4       jdk.internal.misc.Unsafe::putReferenceRelease (9 bytes)
Event: 0.296 Thread 0x00000232435acf40 nmethod 404 0x0000023235a9ef10 code [0x0000023235a9f080, 0x0000023235a9f1b8]

GC Heap History (0 events):
No events

Dll operation events (6 events):
Event: 0.008 Loaded shared library C:\Program Files\Eclipse Adoptium\jdk-17.0.5.8-hotspot\bin\java.dll
Event: 0.019 Loaded shared library C:\Program Files\Eclipse Adoptium\jdk-17.0.5.8-hotspot\bin\jsvml.dll
Event: 0.094 Loaded shared library C:\Program Files\Eclipse Adoptium\jdk-17.0.5.8-hotspot\bin\net.dll
Event: 0.095 Loaded shared library C:\Program Files\Eclipse Adoptium\jdk-17.0.5.8-hotspot\bin\nio.dll
Event: 0.098 Loaded shared library C:\Program Files\Eclipse Adoptium\jdk-17.0.5.8-hotspot\bin\zip.dll
Event: 0.176 Loaded shared library C:\Program Files\Eclipse Adoptium\jdk-17.0.5.8-hotspot\bin\jimage.dll

Deoptimization events (14 events):
Event: 0.115 Thread 0x00000232264d5450 DEOPT PACKING pc=0x000002322e56a18c sp=0x000000de450fab20
Event: 0.115 Thread 0x00000232264d5450 DEOPT UNPACKING pc=0x000002322e002b43 sp=0x000000de450f9fb0 mode 0
Event: 0.115 Thread 0x00000232264d5450 DEOPT PACKING pc=0x000002322e56a18c sp=0x000000de450fab20
Event: 0.115 Thread 0x00000232264d5450 DEOPT UNPACKING pc=0x000002322e002b43 sp=0x000000de450f9fb0 mode 0
Event: 0.115 Thread 0x00000232264d5450 DEOPT PACKING pc=0x000002322e56a18c sp=0x000000de450fab20
Event: 0.115 Thread 0x00000232264d5450 DEOPT UNPACKING pc=0x000002322e002b43 sp=0x000000de450f9fb0 mode 0
Event: 0.115 Thread 0x00000232264d5450 DEOPT PACKING pc=0x000002322e56a18c sp=0x000000de450fab20
Event: 0.115 Thread 0x00000232264d5450 DEOPT UNPACKING pc=0x000002322e002b43 sp=0x000000de450f9fb0 mode 0
Event: 0.115 Thread 0x00000232264d5450 DEOPT PACKING pc=0x000002322e56a18c sp=0x000000de450fab20
Event: 0.115 Thread 0x00000232264d5450 DEOPT UNPACKING pc=0x000002322e002b43 sp=0x000000de450f9fb0 mode 0
Event: 0.139 Thread 0x00000232264d5450 DEOPT PACKING pc=0x000002322e566567 sp=0x000000de450faf60
Event: 0.139 Thread 0x00000232264d5450 DEOPT UNPACKING pc=0x000002322e002b43 sp=0x000000de450fa380 mode 0
Event: 0.148 Thread 0x00000232264d5450 DEOPT PACKING pc=0x000002322e557451 sp=0x000000de450fb290
Event: 0.148 Thread 0x00000232264d5450 DEOPT UNPACKING pc=0x000002322e002b43 sp=0x000000de450fa708 mode 0

Classes unloaded (0 events):
No events

Classes redefined (0 events):
No events

Internal exceptions (5 events):
Event: 0.204 Thread 0x00000232264d5450 Exception <a 'java/lang/NoSuchMethodError'{0x00000000a6aaa5e8}: 'int java.lang.invoke.DirectMethodHandle$Holder.invokeStaticInit(java.lang.Object, java.lang.Object)'> (0x00000000a6aaa5e8) 
thrown [s\src\hotspot\share\interpreter\linkResolver.cpp, line 759]
Event: 0.230 Thread 0x00000232264d5450 Exception <a 'java/lang/NoSuchMethodError'{0x00000000a69dbe70}: 'java.lang.Object java.lang.invoke.DirectMethodHandle$Holder.invokeStaticInit(java.lang.Object)'> (0x00000000a69dbe70) 
thrown [s\src\hotspot\share\interpreter\linkResolver.cpp, line 759]
Event: 0.238 Thread 0x00000232264d5450 Exception <a 'java/lang/NoSuchMethodError'{0x00000000a69ebf48}: 'void java.lang.invoke.DirectMethodHandle$Holder.invokeStatic(java.lang.Object, java.lang.Object)'> (0x00000000a69ebf48) 
thrown [s\src\hotspot\share\interpreter\linkResolver.cpp, line 759]
Event: 0.250 Thread 0x00000232264d5450 Exception <a 'java/net/SocketException'{0x00000000a69f6c18}: Socket is not connected: shutdown> (0x00000000a69f6c18) 
thrown [s\src\hotspot\share\prims\jni.cpp, line 535]
Event: 0.250 Thread 0x00000232264d5450 Exception <a 'java/net/SocketException'{0x00000000a69f7290}: Socket is not connected: shutdown> (0x00000000a69f7290) 
thrown [s\src\hotspot\share\prims\jni.cpp, line 535]

VM Operations (4 events):
Event: 0.099 Executing VM operation: HandshakeAllThreads
Event: 0.099 Executing VM operation: HandshakeAllThreads done
Event: 0.235 Executing VM operation: HandshakeAllThreads
Event: 0.235 Executing VM operation: HandshakeAllThreads done

Events (20 events):
Event: 0.255 loading class java/util/concurrent/BlockingQueue done
Event: 0.255 loading class java/util/AbstractQueue
Event: 0.255 loading class java/util/AbstractQueue done
Event: 0.255 loading class java/util/concurrent/LinkedBlockingQueue done
Event: 0.256 loading class java/util/concurrent/locks/AbstractQueuedSynchronizer$ConditionObject
Event: 0.256 loading class java/util/concurrent/locks/Condition
Event: 0.256 loading class java/util/concurrent/locks/Condition done
Event: 0.256 loading class java/util/concurrent/locks/AbstractQueuedSynchronizer$ConditionObject done
Event: 0.256 loading class java/util/concurrent/LinkedBlockingQueue$Node
Event: 0.256 loading class java/util/concurrent/LinkedBlockingQueue$Node done
Event: 0.256 loading class java/net/URL$2
Event: 0.256 loading class java/net/URL$2 done
Event: 0.256 loading class java/net/URL$1
Event: 0.256 loading class java/net/URL$1 done
Event: 0.256 loading class java/net/spi/URLStreamHandlerProvider
Event: 0.256 loading class java/net/spi/URLStreamHandlerProvider done
Event: 0.258 loading class sun/net/www/protocol/http/Handler
Event: 0.258 loading class sun/net/www/protocol/http/Handler done
Event: 0.259 loading class java/lang/IllegalStateException
Event: 0.259 loading class java/lang/IllegalStateException done


Dynamic libraries:
0x00007ff769a80000 - 0x00007ff769a8e000 	C:\Program Files\Eclipse Adoptium\jdk-17.0.5.8-hotspot\bin\javaw.exe
0x00007ffbb61b0000 - 0x00007ffbb63c7000 	C:\WINDOWS\SYSTEM32\ntdll.dll
0x00007ffbb4d40000 - 0x00007ffbb4e04000 	C:\WINDOWS\System32\KERNEL32.DLL
0x00007ffbb35a0000 - 0x00007ffbb3946000 	C:\WINDOWS\System32\KERNELBASE.dll
0x00007ffbb3a10000 - 0x00007ffbb3b21000 	C:\WINDOWS\System32\ucrtbase.dll
0x00007ffbadce0000 - 0x00007ffbadcf7000 	C:\Program Files\Eclipse Adoptium\jdk-17.0.5.8-hotspot\bin\jli.dll
0x00007ffbae070000 - 0x00007ffbae089000 	C:\Program Files\Eclipse Adoptium\jdk-17.0.5.8-hotspot\bin\VCRUNTIME140.dll
0x00007ffbb43f0000 - 0x00007ffbb459e000 	C:\WINDOWS\System32\USER32.dll
0x00007ffba16d0000 - 0x00007ffba1963000 	C:\WINDOWS\WinSxS\amd64_microsoft.windows.common-controls_6595b64144ccf1df_6.0.22621.2506_none_270c5ae97388e100\COMCTL32.dll
0x00007ffbb3c40000 - 0x00007ffbb3c66000 	C:\WINDOWS\System32\win32u.dll
0x00007ffbb51f0000 - 0x00007ffbb5297000 	C:\WINDOWS\System32\msvcrt.dll
0x00007ffbb43b0000 - 0x00007ffbb43d9000 	C:\WINDOWS\System32\GDI32.dll
0x00007ffbb3c70000 - 0x00007ffbb3d88000 	C:\WINDOWS\System32\gdi32full.dll
0x00007ffbb3b30000 - 0x00007ffbb3bca000 	C:\WINDOWS\System32\msvcp_win.dll
0x00007ffbb41d0000 - 0x00007ffbb4201000 	C:\WINDOWS\System32\IMM32.DLL
0x00007ffbaeeb0000 - 0x00007ffbaeebc000 	C:\Program Files\Eclipse Adoptium\jdk-17.0.5.8-hotspot\bin\vcruntime140_1.dll
0x00007ffbabe30000 - 0x00007ffbabec1000 	C:\Program Files\Eclipse Adoptium\jdk-17.0.5.8-hotspot\bin\msvcp140.dll
0x00007ffb6b9a0000 - 0x00007ffb6c5e4000 	C:\Program Files\Eclipse Adoptium\jdk-17.0.5.8-hotspot\bin\server\jvm.dll
0x00007ffbb5330000 - 0x00007ffbb53e3000 	C:\WINDOWS\System32\ADVAPI32.dll
0x00007ffbb4000000 - 0x00007ffbb40a8000 	C:\WINDOWS\System32\sechost.dll
0x00007ffbb34f0000 - 0x00007ffbb3518000 	C:\WINDOWS\System32\bcrypt.dll
0x00007ffbb40b0000 - 0x00007ffbb41c7000 	C:\WINDOWS\System32\RPCRT4.dll
0x00007ffbabdc0000 - 0x00007ffbabdf4000 	C:\WINDOWS\SYSTEM32\WINMM.dll
0x00007ffb99350000 - 0x00007ffb99359000 	C:\WINDOWS\SYSTEM32\WSOCK32.dll
0x00007ffbaaea0000 - 0x00007ffbaaeaa000 	C:\WINDOWS\SYSTEM32\VERSION.dll
0x00007ffbb4330000 - 0x00007ffbb43a1000 	C:\WINDOWS\System32\WS2_32.dll
0x00007ffbb2520000 - 0x00007ffbb2538000 	C:\WINDOWS\SYSTEM32\kernel.appcore.dll
0x00007ffbabdb0000 - 0x00007ffbabdba000 	C:\Program Files\Eclipse Adoptium\jdk-17.0.5.8-hotspot\bin\jimage.dll
0x00007ffb9cea0000 - 0x00007ffb9d0d3000 	C:\WINDOWS\SYSTEM32\DBGHELP.DLL
0x00007ffbb5c50000 - 0x00007ffbb5fd9000 	C:\WINDOWS\System32\combase.dll
0x00007ffbb6040000 - 0x00007ffbb6117000 	C:\WINDOWS\System32\OLEAUT32.dll
0x00007ffb9cd50000 - 0x00007ffb9cd82000 	C:\WINDOWS\SYSTEM32\dbgcore.DLL
0x00007ffbb3520000 - 0x00007ffbb359a000 	C:\WINDOWS\System32\bcryptPrimitives.dll
0x00007ffb9fe60000 - 0x00007ffb9fe85000 	C:\Program Files\Eclipse Adoptium\jdk-17.0.5.8-hotspot\bin\java.dll
0x00007ffb7d3d0000 - 0x00007ffb7d4a6000 	C:\Program Files\Eclipse Adoptium\jdk-17.0.5.8-hotspot\bin\jsvml.dll
0x00007ffbb53f0000 - 0x00007ffbb5c4a000 	C:\WINDOWS\System32\SHELL32.dll
0x00007ffbb1440000 - 0x00007ffbb1d36000 	C:\WINDOWS\SYSTEM32\windows.storage.dll
0x00007ffbb1300000 - 0x00007ffbb143e000 	C:\WINDOWS\SYSTEM32\wintypes.dll
0x00007ffbb4210000 - 0x00007ffbb4303000 	C:\WINDOWS\System32\SHCORE.dll
0x00007ffbb5fe0000 - 0x00007ffbb603e000 	C:\WINDOWS\System32\shlwapi.dll
0x00007ffbb3420000 - 0x00007ffbb3446000 	C:\WINDOWS\SYSTEM32\profapi.dll
0x00007ffba3a50000 - 0x00007ffba3a69000 	C:\Program Files\Eclipse Adoptium\jdk-17.0.5.8-hotspot\bin\net.dll
0x00007ffbacca0000 - 0x00007ffbacdd7000 	C:\WINDOWS\SYSTEM32\WINHTTP.dll
0x00007ffbb2a10000 - 0x00007ffbb2a79000 	C:\WINDOWS\system32\mswsock.dll
0x00007ffb9f4b0000 - 0x00007ffb9f4c5000 	C:\Program Files\Eclipse Adoptium\jdk-17.0.5.8-hotspot\bin\nio.dll
0x00007ffb9d860000 - 0x00007ffb9d878000 	C:\Program Files\Eclipse Adoptium\jdk-17.0.5.8-hotspot\bin\zip.dll
0x00007ffbb2010000 - 0x00007ffbb2109000 	C:\WINDOWS\SYSTEM32\DNSAPI.dll
0x00007ffbb1fe0000 - 0x00007ffbb200d000 	C:\WINDOWS\SYSTEM32\IPHLPAPI.DLL
0x00007ffbb3f70000 - 0x00007ffbb3f79000 	C:\WINDOWS\System32\NSI.dll
0x00007ffb9e2a0000 - 0x00007ffb9e2aa000 	C:\Windows\System32\rasadhlp.dll
0x00007ffbaaeb0000 - 0x00007ffbaaf33000 	C:\WINDOWS\System32\fwpuclnt.dll

dbghelp: loaded successfully - version: 4.0.5 - missing functions: none
symbol engine: initialized successfully - sym options: 0x614 - pdb path: .;C:\Program Files\Eclipse Adoptium\jdk-17.0.5.8-hotspot\bin;C:\WINDOWS\SYSTEM32;C:\WINDOWS\WinSxS\amd64_microsoft.windows.common-controls_6595b64144ccf1df_6.0.22621.2506_none_270c5ae97388e100;C:\Program Files\Eclipse Adoptium\jdk-17.0.5.8-hotspot\bin\server

VM Arguments:
jvm_args: -Dfile.encoding=UTF-8 -XX:+ShowCodeDetailsInExceptionMessages 
java_command: Axis.BCGSolutions.PracticeProject.Alerts
java_class_path (initial): C:\Users\Admin\eclipse-java_training\BCGSolutions\target\classes;C:\Users\Admin\.m2\repository\org\seleniumhq\selenium\selenium-java\4.15.0\selenium-java-4.15.0.jar;C:\Users\Admin\.m2\repository\org\seleniumhq\selenium\selenium-api\4.15.0\selenium-api-4.15.0.jar;C:\Users\Admin\.m2\repository\org\seleniumhq\selenium\selenium-chrome-driver\4.15.0\selenium-chrome-driver-4.15.0.jar;C:\Users\Admin\.m2\repository\com\google\auto\service\auto-service-annotations\1.1.1\auto-service-annotations-1.1.1.jar;C:\Users\Admin\.m2\repository\org\seleniumhq\selenium\selenium-chromium-driver\4.15.0\selenium-chromium-driver-4.15.0.jar;C:\Users\Admin\.m2\repository\org\seleniumhq\selenium\selenium-json\4.15.0\selenium-json-4.15.0.jar;C:\Users\Admin\.m2\repository\org\seleniumhq\selenium\selenium-manager\4.15.0\selenium-manager-4.15.0.jar;C:\Users\Admin\.m2\repository\org\seleniumhq\selenium\selenium-devtools-v117\4.15.0\selenium-devtools-v117-4.15.0.jar;C:\Users\Admin\.m2\repository\org\seleniumhq\selenium\selenium-devtools-v118\4.15.0\selenium-devtools-v118-4.15.0.jar;C:\Users\Admin\.m2\repository\org\seleniumhq\selenium\selenium-devtools-v119\4.15.0\selenium-devtools-v119-4.15.0.jar;C:\Users\Admin\.m2\repository\org\seleniumhq\selenium\selenium-devtools-v85\4.15.0\selenium-devtools-v85-4.15.0.jar;C:\Users\Admin\.m2\repository\org\seleniumhq\selenium\selenium-edge-driver\4.15.0\selenium-edge-driver-4.15.0.jar;C:\Users\Admin\.m2\repository\org\seleniumhq\selenium\selenium-firefox-driver\4.15.0\selenium-firefox-driver-4.15.0.jar;C:\Users\Admin\.m2\repository\org\seleniumhq\selenium\selenium-http\4.15.0\selenium-http-4.15.0.jar;C:\Users\Admin\.m2\repository\dev\failsafe\failsafe\3.3.2\failsafe-3.3.2.jar;C:\Users\Admin\.m2\repository\org\seleniumhq\selenium\selenium-ie-driver\4.15.0\selenium-ie-driver-4.15.0.jar;C:\Users\Admin\.m2\repository\org\seleniumhq\selenium\selenium-remote-driver\4.15.0\selenium-remote-driver-4.15.0.jar;C:\Users\Admin\.m2\repository\com
Launcher Type: SUN_STANDARD

[Global flags]
     intx CICompilerCount                          = 4                                         {product} {ergonomic}
     uint ConcGCThreads                            = 2                                         {product} {ergonomic}
     uint G1ConcRefinementThreads                  = 8                                         {product} {ergonomic}
   size_t G1HeapRegionSize                         = 1048576                                   {product} {ergonomic}
    uintx GCDrainStackTargetSize                   = 64                                        {product} {ergonomic}
   size_t InitialHeapSize                          = 100663296                                 {product} {ergonomic}
   size_t MarkStackSize                            = 4194304                                   {product} {ergonomic}
   size_t MaxHeapSize                              = 1595932672                                {product} {ergonomic}
   size_t MaxNewSize                               = 957349888                                 {product} {ergonomic}
   size_t MinHeapDeltaBytes                        = 1048576                                   {product} {ergonomic}
   size_t MinHeapSize                              = 8388608                                   {product} {ergonomic}
    uintx NonNMethodCodeHeapSize                   = 5839372                                {pd product} {ergonomic}
    uintx NonProfiledCodeHeapSize                  = 122909434                              {pd product} {ergonomic}
    uintx ProfiledCodeHeapSize                     = 122909434                              {pd product} {ergonomic}
    uintx ReservedCodeCacheSize                    = 251658240                              {pd product} {ergonomic}
     bool SegmentedCodeCache                       = true                                      {product} {ergonomic}
     bool ShowCodeDetailsInExceptionMessages       = true                                   {manageable} {command line}
   size_t SoftMaxHeapSize                          = 1595932672                             {manageable} {ergonomic}
     bool UseCompressedClassPointers               = true                           {product lp64_product} {ergonomic}
     bool UseCompressedOops                        = true                           {product lp64_product} {ergonomic}
     bool UseG1GC                                  = true                                      {product} {ergonomic}
     bool UseLargePagesIndividualAllocation        = false                                  {pd product} {ergonomic}

Logging:
Log output configuration:
 #0: stdout all=warning uptime,level,tags
 #1: stderr all=off uptime,level,tags

Environment Variables:
JAVA_HOME=C:\Program Files\Java\jdk-17
PATH=C:/Program Files/Eclipse Adoptium/jdk-17.0.5.8-hotspot/bin/server;C:/Program Files/Eclipse Adoptium/jdk-17.0.5.8-hotspot/bin;C:\Program Files\Eclipse Adoptium\jdk-17.0.5.8-hotspot\bin;C:\oraclexe\app\oracle\product\11.2.0\server\bin;C:\Program Files\Python39\Scripts\;C:\Program Files\Python39\;C:\Program Files\Common Files\Oracle\Java\javapath;C:\Program Files (x86)\Common Files\Oracle\Java\javapath;C:\Windows\system32;C:\Windows;C:\Windows\System32\Wbem;C:\Windows\System32\WindowsPowerShell\v1.0\;C:\Windows\System32\OpenSSH\;C:\Program Files (x86)\NVIDIA Corporation\PhysX\Common;C:\Program Files\NVIDIA Corporation\NVIDIA NvDLISR;C:\Windows\IsmFiles;C:\Program Files\Java\jdk-11.0.10\bin;C:\MinGW\bin;C:\WINDOWS\system32;C:\WINDOWS;C:\WINDOWS\System32\Wbem;C:\WINDOWS\System32\WindowsPowerShell\v1.0\;C:\WINDOWS\System32\OpenSSH\;C:\Program Files\nodejs\;C:\Xampp\php;C:\Program Files\Apache Software Foundation\Tomcat 11.0\bin;C:\Program Files\Java\apache-maven-3.9.6\bin;D:\python sama\Scripts\;D:\python sama\;C:\Users\Admin\AppData\Local\Microsoft\WindowsApps;C:\Program Files\JetBrains\PyCharm Community Edition 2020.3.3\bin;C:\Program Files (x86)\mingw-w64\i686-8.1.0-posix-dwarf-rt_v6-rev0\mingw32\bin;C:\Users\Admin\AppData\Local\atom\bin;C:\Users\Admin\AppData\Local\GitHubDesktop\bin;C:\Users\Admin\AppData\Local\Microsoft\WindowsApps;C:\Users\Admin\AppData\Roaming\npm;C:\Users\Admin\AppData\Local\Programs\Microsoft VS Code\bin;C:\Program Files\Java\apache-maven-3.9.6\bin;;C:\WINDOWS\System32;
USERNAME=Admin
OS=Windows_NT
PROCESSOR_IDENTIFIER=AMD64 Family 23 Model 24 Stepping 1, AuthenticAMD
TMP=C:\Users\Admin\AppData\Local\Temp
TEMP=C:\Users\Admin\AppData\Local\Temp



---------------  S Y S T E M  ---------------

OS:
 Windows 11 , 64 bit Build 22621 (10.0.22621.2506)
OS uptime: 24 days 15:11 hours

CPU: total 8 (initial active 8) (8 cores per cpu, 2 threads per core) family 23 model 24 stepping 1 microcode 0x0, cx8, cmov, fxsr, ht, mmx, 3dnowpref, sse, sse2, sse3, ssse3, sse4a, sse4.1, sse4.2, popcnt, lzcnt, tsc, tscinvbit, avx, avx2, aes, clmul, bmi1, bmi2, adx, sha, fma, vzeroupper, clflush, clflushopt

Memory: 4k page, system-wide physical 6081M (274M free)
TotalPageFile size 24513M (AvailPageFile size 0M)
current process WorkingSet (physical memory assigned to process): 44M, peak: 44M
current process commit charge ("private bytes"): 182M, peak: 182M

vm_info: OpenJDK 64-Bit Server VM (17.0.5+8) for windows-amd64 JRE (17.0.5+8), built on Oct 19 2022 04:48:13 by "temurin" with MS VC++ 16.7 (VS2019)

END.
